

Microchip MPLAB XC8 Assembler V3.10 build 20250813170317 
                                                                                               Fri Dec  5 13:13:04 2025

Microchip MPLAB XC8 C Compiler v3.10 (Free license) build 20250813170317 Og1 
     1                           	processor	16F877A
     2                           	pagewidth 120
     3                           	opt	flic
     4                           	psect	idataBANK0,global,class=CODE,space=0,delta=2,noexec
     5                           	psect	idataBANK1,global,class=CODE,space=0,delta=2,noexec
     6                           	psect	cinit,global,class=CODE,space=0,merge=1,delta=2
     7                           	psect	dataBANK0,global,class=BANK0,space=1,delta=1,noexec
     8                           	psect	dataBANK1,global,class=BANK1,space=1,delta=1,noexec
     9                           	psect	inittext,global,class=CODE,space=0,delta=2
    10                           	psect	cstackCOMMON,global,class=COMMON,space=1,delta=1,noexec
    11                           	psect	cstackBANK0,global,class=BANK0,space=1,delta=1,noexec
    12                           	psect	maintext,global,class=CODE,space=0,split=1,delta=2
    13                           	psect	text1,local,class=CODE,space=0,merge=1,delta=2
    14                           	psect	text2,local,class=CODE,space=0,merge=1,delta=2
    15                           	psect	text3,local,class=CODE,space=0,merge=1,delta=2
    16                           	psect	text4,local,class=CODE,space=0,merge=1,delta=2
    17                           	psect	text5,local,class=CODE,space=0,merge=1,delta=2
    18                           	psect	config,global,abs,ovrld,class=CONFIG,space=4,delta=2,noexec
    19                           	dabs	1,0x7E,2
    20     0000                     
    21                           ; Generated 12/10/2023 GMT
    22                           ; 
    23                           ; Copyright © 2023, Microchip Technology Inc. and its subsidiaries ("Microchip")
    24                           ; All rights reserved.
    25                           ; 
    26                           ; This software is developed by Microchip Technology Inc. and its subsidiaries ("Microch
      +                          ip").
    27                           ; 
    28                           ; Redistribution and use in source and binary forms, with or without modification, are
    29                           ; permitted provided that the following conditions are met:
    30                           ; 
    31                           ;     1. Redistributions of source code must retain the above copyright notice, this lis
      +                          t of
    32                           ;        conditions and the following disclaimer.
    33                           ; 
    34                           ;     2. Redistributions in binary form must reproduce the above copyright notice, this 
      +                          list
    35                           ;        of conditions and the following disclaimer in the documentation and/or other
    36                           ;        materials provided with the distribution. Publication is not required when
    37                           ;        this file is used in an embedded application.
    38                           ; 
    39                           ;     3. Microchip's name may not be used to endorse or promote products derived from th
      +                          is
    40                           ;        software without specific prior written permission.
    41                           ; 
    42                           ; THIS SOFTWARE IS PROVIDED BY MICROCHIP "AS IS" AND ANY EXPRESS OR IMPLIED WARRANTIES,
    43                           ; INCLUDING, BUT NOT LIMITED TO, THE IMPLIED WARRANTIES OF MERCHANTABILITY AND FITNESS F
      +                          OR
    44                           ; PURPOSE ARE DISCLAIMED.  IN NO EVENT SHALL MICROCHIP BE LIABLE FOR ANY DIRECT, INDIREC
      +                          T,
    45                           ; INCIDENTAL, SPECIAL, EXEMPLARY, OR CONSEQUENTIAL DAMAGES (INCLUDING BUT NOT LIMITED TO
    46                           ; PROCUREMENT OF SUBSTITUTE GOODS OR SERVICES; LOSS OF USE, DATA OR PROFITS; OR BUSINESS
    47                           ; INTERRUPTION) HOWSOEVER CAUSED AND ON ANY THEORY OF LIABILITY, WHETHER IN CONTRACT, ST
      +                          RICT
    48                           ; LIABILITY, OR TORT (INCLUDING NEGLIGENCE OR OTHERWISE) ARISING IN ANY WAY OUT OF THE U
      +                          SE OF
    49                           ; THIS SOFTWARE, EVEN IF ADVISED OF THE POSSIBILITY OF SUCH DAMAGE.
    50                           ; 
    51                           ; 
    52                           ; Code-generator required, PIC16F877A Definitions
    53                           ; 
    54                           ; SFR Addresses
    55     0004                     fsr             equ	4
    56     0004                     fsr0            equ	4
    57     0000                     indf            equ	0
    58     0000                     indf0           equ	0
    59     0002                     pc              equ	2
    60     0002                     pcl             equ	2
    61     000A                     pclath          equ	10
    62     0003                     status          equ	3
    63     0000                     INDF            equ	0	;# 
    64     0001                     TMR0            equ	1	;# 
    65     0002                     PCL             equ	2	;# 
    66     0003                     STATUS          equ	3	;# 
    67     0004                     FSR             equ	4	;# 
    68     0005                     PORTA           equ	5	;# 
    69     0006                     PORTB           equ	6	;# 
    70     0007                     PORTC           equ	7	;# 
    71     0008                     PORTD           equ	8	;# 
    72     0009                     PORTE           equ	9	;# 
    73     000A                     PCLATH          equ	10	;# 
    74     000B                     INTCON          equ	11	;# 
    75     000C                     PIR1            equ	12	;# 
    76     000D                     PIR2            equ	13	;# 
    77     000E                     TMR1            equ	14	;# 
    78     000E                     TMR1L           equ	14	;# 
    79     000F                     TMR1H           equ	15	;# 
    80     0010                     T1CON           equ	16	;# 
    81     0011                     TMR2            equ	17	;# 
    82     0012                     T2CON           equ	18	;# 
    83     0013                     SSPBUF          equ	19	;# 
    84     0014                     SSPCON          equ	20	;# 
    85     0015                     CCPR1           equ	21	;# 
    86     0015                     CCPR1L          equ	21	;# 
    87     0016                     CCPR1H          equ	22	;# 
    88     0017                     CCP1CON         equ	23	;# 
    89     0018                     RCSTA           equ	24	;# 
    90     0019                     TXREG           equ	25	;# 
    91     001A                     RCREG           equ	26	;# 
    92     001B                     CCPR2           equ	27	;# 
    93     001B                     CCPR2L          equ	27	;# 
    94     001C                     CCPR2H          equ	28	;# 
    95     001D                     CCP2CON         equ	29	;# 
    96     001E                     ADRESH          equ	30	;# 
    97     001F                     ADCON0          equ	31	;# 
    98     0081                     OPTION_REG      equ	129	;# 
    99     0085                     TRISA           equ	133	;# 
   100     0086                     TRISB           equ	134	;# 
   101     0087                     TRISC           equ	135	;# 
   102     0088                     TRISD           equ	136	;# 
   103     0089                     TRISE           equ	137	;# 
   104     008C                     PIE1            equ	140	;# 
   105     008D                     PIE2            equ	141	;# 
   106     008E                     PCON            equ	142	;# 
   107     0091                     SSPCON2         equ	145	;# 
   108     0092                     PR2             equ	146	;# 
   109     0093                     SSPADD          equ	147	;# 
   110     0094                     SSPSTAT         equ	148	;# 
   111     0098                     TXSTA           equ	152	;# 
   112     0099                     SPBRG           equ	153	;# 
   113     009C                     CMCON           equ	156	;# 
   114     009D                     CVRCON          equ	157	;# 
   115     009E                     ADRESL          equ	158	;# 
   116     009F                     ADCON1          equ	159	;# 
   117     010C                     EEDATA          equ	268	;# 
   118     010D                     EEADR           equ	269	;# 
   119     010E                     EEDATH          equ	270	;# 
   120     010F                     EEADRH          equ	271	;# 
   121     018C                     EECON1          equ	396	;# 
   122     018D                     EECON2          equ	397	;# 
   123     0000                     INDF            equ	0	;# 
   124     0001                     TMR0            equ	1	;# 
   125     0002                     PCL             equ	2	;# 
   126     0003                     STATUS          equ	3	;# 
   127     0004                     FSR             equ	4	;# 
   128     0005                     PORTA           equ	5	;# 
   129     0006                     PORTB           equ	6	;# 
   130     0007                     PORTC           equ	7	;# 
   131     0008                     PORTD           equ	8	;# 
   132     0009                     PORTE           equ	9	;# 
   133     000A                     PCLATH          equ	10	;# 
   134     000B                     INTCON          equ	11	;# 
   135     000C                     PIR1            equ	12	;# 
   136     000D                     PIR2            equ	13	;# 
   137     000E                     TMR1            equ	14	;# 
   138     000E                     TMR1L           equ	14	;# 
   139     000F                     TMR1H           equ	15	;# 
   140     0010                     T1CON           equ	16	;# 
   141     0011                     TMR2            equ	17	;# 
   142     0012                     T2CON           equ	18	;# 
   143     0013                     SSPBUF          equ	19	;# 
   144     0014                     SSPCON          equ	20	;# 
   145     0015                     CCPR1           equ	21	;# 
   146     0015                     CCPR1L          equ	21	;# 
   147     0016                     CCPR1H          equ	22	;# 
   148     0017                     CCP1CON         equ	23	;# 
   149     0018                     RCSTA           equ	24	;# 
   150     0019                     TXREG           equ	25	;# 
   151     001A                     RCREG           equ	26	;# 
   152     001B                     CCPR2           equ	27	;# 
   153     001B                     CCPR2L          equ	27	;# 
   154     001C                     CCPR2H          equ	28	;# 
   155     001D                     CCP2CON         equ	29	;# 
   156     001E                     ADRESH          equ	30	;# 
   157     001F                     ADCON0          equ	31	;# 
   158     0081                     OPTION_REG      equ	129	;# 
   159     0085                     TRISA           equ	133	;# 
   160     0086                     TRISB           equ	134	;# 
   161     0087                     TRISC           equ	135	;# 
   162     0088                     TRISD           equ	136	;# 
   163     0089                     TRISE           equ	137	;# 
   164     008C                     PIE1            equ	140	;# 
   165     008D                     PIE2            equ	141	;# 
   166     008E                     PCON            equ	142	;# 
   167     0091                     SSPCON2         equ	145	;# 
   168     0092                     PR2             equ	146	;# 
   169     0093                     SSPADD          equ	147	;# 
   170     0094                     SSPSTAT         equ	148	;# 
   171     0098                     TXSTA           equ	152	;# 
   172     0099                     SPBRG           equ	153	;# 
   173     009C                     CMCON           equ	156	;# 
   174     009D                     CVRCON          equ	157	;# 
   175     009E                     ADRESL          equ	158	;# 
   176     009F                     ADCON1          equ	159	;# 
   177     010C                     EEDATA          equ	268	;# 
   178     010D                     EEADR           equ	269	;# 
   179     010E                     EEDATH          equ	270	;# 
   180     010F                     EEADRH          equ	271	;# 
   181     018C                     EECON1          equ	396	;# 
   182     018D                     EECON2          equ	397	;# 
   183                           
   184                           	psect	idataBANK0
   185     05F4                     __pidataBANK0:
   186                           
   187                           ;initializer for SPI_write_byte2@F1021
   188     05F4  3445               	retlw	69
   189     05F5  346D               	retlw	109
   190     05F6  3462               	retlw	98
   191     05F7  3465               	retlw	101
   192     05F8  3464               	retlw	100
   193     05F9  3464               	retlw	100
   194     05FA  3465               	retlw	101
   195     05FB  3464               	retlw	100
   196     05FC  3400               	retlw	0
   197     05FD  3400               	retlw	0
   198     05FE  3400               	retlw	0
   199     05FF  3400               	retlw	0
   200     0600  3400               	retlw	0
   201     0601  3400               	retlw	0
   202     0602  3400               	retlw	0
   203     0603  3400               	retlw	0
   204     0604  3400               	retlw	0
   205     0605  3400               	retlw	0
   206     0606  3400               	retlw	0
   207     0607  3400               	retlw	0
   208                           
   209                           ;initializer for SPI_write_byte1@F1017
   210     0608  344E               	retlw	78
   211     0609  3449               	retlw	73
   212     060A  3454               	retlw	84
   213     060B  3448               	retlw	72
   214     060C  3449               	retlw	73
   215     060D  3453               	retlw	83
   216     060E  3400               	retlw	0
   217     060F  3400               	retlw	0
   218     0610  3400               	retlw	0
   219     0611  3400               	retlw	0
   220     0612  3400               	retlw	0
   221     0613  3400               	retlw	0
   222     0614  3400               	retlw	0
   223     0615  3400               	retlw	0
   224     0616  3400               	retlw	0
   225     0617  3400               	retlw	0
   226     0618  3400               	retlw	0
   227     0619  3400               	retlw	0
   228     061A  3400               	retlw	0
   229     061B  3400               	retlw	0
   230                           
   231                           	psect	idataBANK1
   232     05E0                     __pidataBANK1:
   233                           
   234                           ;initializer for SPI_write_byte3@F1025
   235     05E0  3445               	retlw	69
   236     05E1  346D               	retlw	109
   237     05E2  3462               	retlw	98
   238     05E3  3465               	retlw	101
   239     05E4  3464               	retlw	100
   240     05E5  3464               	retlw	100
   241     05E6  3465               	retlw	101
   242     05E7  3464               	retlw	100
   243     05E8  3400               	retlw	0
   244     05E9  3400               	retlw	0
   245     05EA  3400               	retlw	0
   246     05EB  3400               	retlw	0
   247     05EC  3400               	retlw	0
   248     05ED  3400               	retlw	0
   249     05EE  3400               	retlw	0
   250     05EF  3400               	retlw	0
   251     05F0  3400               	retlw	0
   252     05F1  3400               	retlw	0
   253     05F2  3400               	retlw	0
   254     05F3  3400               	retlw	0
   255     0013                     _SSPBUF         set	19
   256     0014                     _SSPCON         set	20
   257     0047                     _RD7            set	71
   258     0041                     _RD1            set	65
   259     0040                     _RD0            set	64
   260     0063                     _SSPIF          set	99
   261     0088                     _TRISD          set	136
   262     0087                     _TRISC          set	135
   263     0094                     _SSPSTAT        set	148
   264                           
   265                           	psect	cinit
   266     07E1                     start_initialization:	
   267                           ; #config settings
   268                           
   269     07E1                     __initialization:
   270                           
   271                           ; Initialize objects allocated to BANK1
   272     07E1  1383               	bcf	3,7	;select IRP bank0
   273     07E2  30B4               	movlw	low (__pdataBANK1+20)
   274     07E3  00FD               	movwf	btemp+-1
   275     07E4  3005               	movlw	high __pidataBANK1
   276     07E5  00FE               	movwf	btemp
   277     07E6  30E0               	movlw	low __pidataBANK1
   278     07E7  00FF               	movwf	btemp+1
   279     07E8  30A0               	movlw	low __pdataBANK1
   280     07E9  0084               	movwf	4
   281     07EA  120A  118A  25BD  120A  118A  	fcall	init_ram0
   282                           
   283                           ; Initialize objects allocated to BANK0
   284     07EF  3048               	movlw	low (__pdataBANK0+40)
   285     07F0  00FD               	movwf	btemp+-1
   286     07F1  3005               	movlw	high __pidataBANK0
   287     07F2  00FE               	movwf	btemp
   288     07F3  30F4               	movlw	low __pidataBANK0
   289     07F4  00FF               	movwf	btemp+1
   290     07F5  3020               	movlw	low __pdataBANK0
   291     07F6  0084               	movwf	4
   292     07F7  120A  118A  25BD  120A  118A  	fcall	init_ram0
   293     07FC                     end_of_initialization:	
   294                           ;End of C runtime variable initialization code
   295                           
   296     07FC                     __end_of__initialization:
   297     07FC  0183               	clrf	3
   298     07FD  120A  118A  2E1C   	ljmp	_main	;jump to C main() function
   299                           
   300                           	psect	dataBANK0
   301     0020                     __pdataBANK0:
   302     0020                     SPI_write_byte2@F1021:
   303     0020                     	ds	20
   304     0034                     SPI_write_byte1@F1017:
   305     0034                     	ds	20
   306                           
   307                           	psect	dataBANK1
   308     00A0                     __pdataBANK1:
   309     00A0                     SPI_write_byte3@F1025:
   310     00A0                     	ds	20
   311                           
   312                           	psect	inittext
   313     05B9                     init_fetch0:	
   314                           ;	Called with low address in FSR and high address in W
   315                           
   316     05B9  087E               	movf	btemp,w
   317     05BA  008A               	movwf	10
   318     05BB  087F               	movf	btemp+1,w
   319     05BC  0082               	movwf	2
   320     05BD                     init_ram0:	
   321                           ;Called with:
   322                           ;	high address of idata address in btemp 
   323                           ;	low address of idata address in btemp+1 
   324                           ;	low address of data in FSR
   325                           ;	high address + 1 of data in btemp-1
   326                           
   327     05BD  120A  118A  25B9  120A  118A  	fcall	init_fetch0
   328     05C2  0080               	movwf	0
   329     05C3  0A84               	incf	4,f
   330     05C4  0804               	movf	4,w
   331     05C5  067D               	xorwf	btemp+-1,w
   332     05C6  1903               	btfsc	3,2
   333     05C7  3400               	retlw	0
   334     05C8  0AFF               	incf	btemp+1,f
   335     05C9  1903               	btfsc	3,2
   336     05CA  0AFE               	incf	btemp,f
   337     05CB  2DBD               	goto	init_ram0
   338                           
   339                           	psect	cstackCOMMON
   340     0070                     __pcstackCOMMON:
   341     0070                     ?_SPI_Master_init:
   342     0070                     ?_SPI_Master_data:	
   343                           ; 1 bytes @ 0x0
   344                           
   345     0070                     ?_SPI_write_byte1:	
   346                           ; 1 bytes @ 0x0
   347                           
   348     0070                     ?_SPI_write_byte2:	
   349                           ; 1 bytes @ 0x0
   350                           
   351     0070                     ?_SPI_write_byte3:	
   352                           ; 1 bytes @ 0x0
   353                           
   354     0070                     ?_main:	
   355                           ; 1 bytes @ 0x0
   356                           
   357     0070                     ??_SPI_Master_init:	
   358                           ; 2 bytes @ 0x0
   359                           
   360     0070                     ??_SPI_Master_data:	
   361                           ; 1 bytes @ 0x0
   362                           
   363                           
   364                           ; 1 bytes @ 0x0
   365     0070                     	ds	2
   366     0072                     SPI_Master_data@a:
   367                           
   368                           ; 1 bytes @ 0x2
   369     0072                     	ds	1
   370     0073                     ??_SPI_write_byte1:
   371     0073                     ??_SPI_write_byte2:	
   372                           ; 1 bytes @ 0x3
   373                           
   374     0073                     ??_SPI_write_byte3:	
   375                           ; 1 bytes @ 0x3
   376                           
   377                           
   378                           ; 1 bytes @ 0x3
   379     0073                     	ds	4
   380     0077                     ??_main:
   381                           
   382                           ; 1 bytes @ 0x7
   383     0077                     	ds	3
   384                           
   385                           	psect	cstackBANK0
   386     0048                     __pcstackBANK0:
   387     0048                     SPI_write_byte1@str1:
   388     0048                     SPI_write_byte2@str2:	
   389                           ; 20 bytes @ 0x0
   390                           
   391     0048                     SPI_write_byte3@str2:	
   392                           ; 20 bytes @ 0x0
   393                           
   394                           
   395                           ; 20 bytes @ 0x0
   396     0048                     	ds	20
   397     005C                     SPI_write_byte1@i:
   398     005C                     SPI_write_byte2@j:	
   399                           ; 2 bytes @ 0x14
   400                           
   401     005C                     SPI_write_byte3@j:	
   402                           ; 2 bytes @ 0x14
   403                           
   404                           
   405                           ; 2 bytes @ 0x14
   406     005C                     	ds	2
   407                           
   408                           	psect	maintext
   409     061C                     __pmaintext:	
   410 ;;
   411 ;;Main: autosize = 0, tempsize = 3, incstack = 0, save=0
   412 ;;
   413 ;; *************** function _main *****************
   414 ;; Defined at:
   415 ;;		line 136 in file "EPROM_3SLAVE.c"
   416 ;; Parameters:    Size  Location     Type
   417 ;;		None
   418 ;; Auto vars:     Size  Location     Type
   419 ;;		None
   420 ;; Return value:  Size  Location     Type
   421 ;;                  2   57[None  ] int 
   422 ;; Registers used:
   423 ;;		wreg, fsr0l, fsr0h, status,2, status,0, pclath, cstack
   424 ;; Tracked objects:
   425 ;;		On entry : B00/0
   426 ;;		On exit  : 0/0
   427 ;;		Unchanged: 0/0
   428 ;; Data sizes:     COMMON   BANK0   BANK1   BANK3   BANK2
   429 ;;      Params:         0       0       0       0       0
   430 ;;      Locals:         0       0       0       0       0
   431 ;;      Temps:          3       0       0       0       0
   432 ;;      Totals:         3       0       0       0       0
   433 ;;Total ram usage:        3 bytes
   434 ;; Hardware stack levels required when called: 2
   435 ;; This function calls:
   436 ;;		_SPI_Master_init
   437 ;;		_SPI_write_byte1
   438 ;;		_SPI_write_byte2
   439 ;;		_SPI_write_byte3
   440 ;; This function is called by:
   441 ;;		Startup code after reset
   442 ;; This function uses a non-reentrant model
   443 ;;
   444                           
   445     061C                     _main:	
   446                           ;psect for function _main
   447                           
   448     061C                     l863:	
   449                           ;incstack = 0
   450                           ; Regs used in _main: [wreg-fsr0h+status,2+status,0+pclath+cstack]
   451                           
   452                           
   453                           ;EPROM_3SLAVE.c: 139:     TRISC = 0X10;
   454     061C  3010               	movlw	16
   455     061D  1683               	bsf	3,5	;RP0=1, select bank1
   456     061E  1303               	bcf	3,6	;RP1=0, select bank1
   457     061F  0087               	movwf	7	;volatile
   458     0620                     l865:
   459                           
   460                           ;EPROM_3SLAVE.c: 140:     TRISD = 0X00;
   461     0620  0188               	clrf	8	;volatile
   462     0621                     l867:
   463                           
   464                           ;EPROM_3SLAVE.c: 141:     SPI_Master_init();
   465     0621  120A  118A  25B1  120A  118A  	fcall	_SPI_Master_init
   466     0626                     l869:
   467                           
   468                           ;EPROM_3SLAVE.c: 143:     SPI_write_byte1();
   469     0626  120A  118A  2660  120A  118A  	fcall	_SPI_write_byte1
   470     062B                     l871:
   471                           
   472                           ;EPROM_3SLAVE.c: 144:     _delay((unsigned long)((1000)*(20000000/4000.0)));
   473     062B  301A               	movlw	26
   474     062C  00F9               	movwf	??_main+2
   475     062D  305E               	movlw	94
   476     062E  00F8               	movwf	??_main+1
   477     062F  306E               	movlw	110
   478     0630  00F7               	movwf	??_main
   479     0631                     u157:
   480     0631  0BF7               	decfsz	??_main,f
   481     0632  2E31               	goto	u157
   482     0633  0BF8               	decfsz	??_main+1,f
   483     0634  2E31               	goto	u157
   484     0635  0BF9               	decfsz	??_main+2,f
   485     0636  2E31               	goto	u157
   486     0637  0000               	nop
   487     0638                     l873:
   488                           
   489                           ;EPROM_3SLAVE.c: 146:     SPI_write_byte2();
   490     0638  120A  118A  26E0  120A  118A  	fcall	_SPI_write_byte2
   491     063D                     l875:
   492                           
   493                           ;EPROM_3SLAVE.c: 147:     _delay((unsigned long)((1000)*(20000000/4000.0)));
   494     063D  301A               	movlw	26
   495     063E  00F9               	movwf	??_main+2
   496     063F  305E               	movlw	94
   497     0640  00F8               	movwf	??_main+1
   498     0641  306E               	movlw	110
   499     0642  00F7               	movwf	??_main
   500     0643                     u167:
   501     0643  0BF7               	decfsz	??_main,f
   502     0644  2E43               	goto	u167
   503     0645  0BF8               	decfsz	??_main+1,f
   504     0646  2E43               	goto	u167
   505     0647  0BF9               	decfsz	??_main+2,f
   506     0648  2E43               	goto	u167
   507     0649  0000               	nop
   508     064A                     l877:
   509                           
   510                           ;EPROM_3SLAVE.c: 149:     SPI_write_byte3();
   511     064A  120A  118A  2760  120A  118A  	fcall	_SPI_write_byte3
   512     064F                     l879:
   513                           
   514                           ;EPROM_3SLAVE.c: 150:     _delay((unsigned long)((1000)*(20000000/4000.0)));
   515     064F  301A               	movlw	26
   516     0650  00F9               	movwf	??_main+2
   517     0651  305E               	movlw	94
   518     0652  00F8               	movwf	??_main+1
   519     0653  306E               	movlw	110
   520     0654  00F7               	movwf	??_main
   521     0655                     u177:
   522     0655  0BF7               	decfsz	??_main,f
   523     0656  2E55               	goto	u177
   524     0657  0BF8               	decfsz	??_main+1,f
   525     0658  2E55               	goto	u177
   526     0659  0BF9               	decfsz	??_main+2,f
   527     065A  2E55               	goto	u177
   528     065B  0000               	nop
   529     065C                     l58:	
   530                           ;EPROM_3SLAVE.c: 151:     while(1);
   531                           
   532     065C                     l59:
   533     065C  2E5C               	goto	l58
   534     065D  120A  118A  2800   	ljmp	start
   535     0660                     __end_of_main:
   536                           
   537                           	psect	text1
   538     0760                     __ptext1:	
   539 ;; *************** function _SPI_write_byte3 *****************
   540 ;; Defined at:
   541 ;;		line 105 in file "EPROM_3SLAVE.c"
   542 ;; Parameters:    Size  Location     Type
   543 ;;		None
   544 ;; Auto vars:     Size  Location     Type
   545 ;;  str2           20    0[BANK0 ] unsigned char [20]
   546 ;;  j               2   20[BANK0 ] int 
   547 ;; Return value:  Size  Location     Type
   548 ;;                  1    wreg      void 
   549 ;; Registers used:
   550 ;;		wreg, fsr0l, fsr0h, status,2, status,0, pclath, cstack
   551 ;; Tracked objects:
   552 ;;		On entry : 0/0
   553 ;;		On exit  : 0/0
   554 ;;		Unchanged: 0/0
   555 ;; Data sizes:     COMMON   BANK0   BANK1   BANK3   BANK2
   556 ;;      Params:         0       0       0       0       0
   557 ;;      Locals:         0      22       0       0       0
   558 ;;      Temps:          4       0       0       0       0
   559 ;;      Totals:         4      22       0       0       0
   560 ;;Total ram usage:       26 bytes
   561 ;; Hardware stack levels used: 1
   562 ;; Hardware stack levels required when called: 1
   563 ;; This function calls:
   564 ;;		_SPI_Master_data
   565 ;; This function is called by:
   566 ;;		_main
   567 ;; This function uses a non-reentrant model
   568 ;;
   569                           
   570     0760                     _SPI_write_byte3:	
   571                           ;psect for function _SPI_write_byte3
   572                           
   573     0760                     l825:	
   574                           ;incstack = 0
   575                           ; Regs used in _SPI_write_byte3: [wreg-fsr0h+status,2+status,0+pclath+cstack]
   576                           
   577                           
   578                           ;EPROM_3SLAVE.c: 107:     int j;;EPROM_3SLAVE.c: 108:     char str2[20]="Embedded";
   579     0760  30A0               	movlw	SPI_write_byte3@F1025& (0+255)
   580     0761  0084               	movwf	4
   581     0762  3048               	movlw	low SPI_write_byte3@str2
   582     0763  00F3               	movwf	??_SPI_write_byte3
   583     0764  3014               	movlw	20
   584     0765  00F4               	movwf	??_SPI_write_byte3+1
   585     0766                     u130:
   586     0766  1383               	bcf	3,7	;select IRP bank1
   587     0767  0800               	movf	0,w
   588     0768  00F5               	movwf	??_SPI_write_byte3+2
   589     0769  0A04               	incf	4,w
   590     076A  00F6               	movwf	??_SPI_write_byte3+3
   591     076B  0873               	movf	??_SPI_write_byte3,w
   592     076C  0084               	movwf	4
   593     076D  0875               	movf	??_SPI_write_byte3+2,w
   594     076E  0080               	movwf	0
   595     076F  0A04               	incf	4,w
   596     0770  00F3               	movwf	??_SPI_write_byte3
   597     0771  0876               	movf	??_SPI_write_byte3+3,w
   598     0772  0084               	movwf	4
   599     0773  0BF4               	decfsz	??_SPI_write_byte3+1,f
   600     0774  2F66               	goto	u130
   601     0775                     l827:
   602                           
   603                           ;EPROM_3SLAVE.c: 110:     RD7 = 1;
   604     0775  1283               	bcf	3,5	;RP0=0, select bank0
   605     0776  1303               	bcf	3,6	;RP1=0, select bank0
   606     0777  1788               	bsf	8,7	;volatile
   607     0778                     l829:
   608                           
   609                           ;EPROM_3SLAVE.c: 111:     _delay((unsigned long)((10)*(20000000/4000.0)));
   610     0778  3041               	movlw	65
   611     0779  00F4               	movwf	??_SPI_write_byte3+1
   612     077A  30EE               	movlw	238
   613     077B  00F3               	movwf	??_SPI_write_byte3
   614     077C                     u187:
   615     077C  0BF3               	decfsz	??_SPI_write_byte3,f
   616     077D  2F7C               	goto	u187
   617     077E  0BF4               	decfsz	??_SPI_write_byte3+1,f
   618     077F  2F7C               	goto	u187
   619     0780  0000               	nop
   620     0781                     l831:
   621                           
   622                           ;EPROM_3SLAVE.c: 112:     RD7 = 0;
   623     0781  1283               	bcf	3,5	;RP0=0, select bank0
   624     0782  1303               	bcf	3,6	;RP1=0, select bank0
   625     0783  1388               	bcf	8,7	;volatile
   626     0784                     l833:
   627                           
   628                           ;EPROM_3SLAVE.c: 114:     SPI_Master_data(0x06);
   629     0784  3006               	movlw	6
   630     0785  120A  118A  25CC  120A  118A  	fcall	_SPI_Master_data
   631     078A                     l835:
   632                           
   633                           ;EPROM_3SLAVE.c: 116:     RD7 = 1;
   634     078A  1283               	bcf	3,5	;RP0=0, select bank0
   635     078B  1303               	bcf	3,6	;RP1=0, select bank0
   636     078C  1788               	bsf	8,7	;volatile
   637     078D                     l837:
   638                           
   639                           ;EPROM_3SLAVE.c: 117:     _delay((unsigned long)((10)*(20000000/4000.0)));
   640     078D  3041               	movlw	65
   641     078E  00F4               	movwf	??_SPI_write_byte3+1
   642     078F  30EE               	movlw	238
   643     0790  00F3               	movwf	??_SPI_write_byte3
   644     0791                     u197:
   645     0791  0BF3               	decfsz	??_SPI_write_byte3,f
   646     0792  2F91               	goto	u197
   647     0793  0BF4               	decfsz	??_SPI_write_byte3+1,f
   648     0794  2F91               	goto	u197
   649     0795  0000               	nop
   650     0796                     l839:
   651                           
   652                           ;EPROM_3SLAVE.c: 118:     RD7 = 0;
   653     0796  1283               	bcf	3,5	;RP0=0, select bank0
   654     0797  1303               	bcf	3,6	;RP1=0, select bank0
   655     0798  1388               	bcf	8,7	;volatile
   656     0799                     l841:
   657                           
   658                           ;EPROM_3SLAVE.c: 120:     SPI_Master_data(0x02);
   659     0799  3002               	movlw	2
   660     079A  120A  118A  25CC  120A  118A  	fcall	_SPI_Master_data
   661     079F                     l843:
   662                           
   663                           ;EPROM_3SLAVE.c: 121:     SPI_Master_data(0x00);
   664     079F  3000               	movlw	0
   665     07A0  120A  118A  25CC  120A  118A  	fcall	_SPI_Master_data
   666     07A5                     l845:
   667                           
   668                           ;EPROM_3SLAVE.c: 122:     SPI_Master_data(0x28);
   669     07A5  3028               	movlw	40
   670     07A6  120A  118A  25CC  120A  118A  	fcall	_SPI_Master_data
   671     07AB                     l847:
   672                           
   673                           ;EPROM_3SLAVE.c: 124:     for(j = 0;str2[j]!='\0'; j++)
   674     07AB  1283               	bcf	3,5	;RP0=0, select bank0
   675     07AC  1303               	bcf	3,6	;RP1=0, select bank0
   676     07AD  01DC               	clrf	SPI_write_byte3@j
   677     07AE  01DD               	clrf	SPI_write_byte3@j+1
   678     07AF  2FC1               	goto	l853
   679     07B0                     l849:
   680                           
   681                           ;EPROM_3SLAVE.c: 125:     {;EPROM_3SLAVE.c: 126:         SPI_Master_data(str2[j]);
   682     07B0  085C               	movf	SPI_write_byte3@j,w
   683     07B1  3E48               	addlw	(low (SPI_write_byte3@str2| 0))& (0+255)
   684     07B2  0084               	movwf	4
   685     07B3  0800               	movf	0,w
   686     07B4  120A  118A  25CC  120A  118A  	fcall	_SPI_Master_data
   687     07B9                     l851:
   688                           
   689                           ;EPROM_3SLAVE.c: 127:     }
   690     07B9  3001               	movlw	1
   691     07BA  1283               	bcf	3,5	;RP0=0, select bank0
   692     07BB  1303               	bcf	3,6	;RP1=0, select bank0
   693     07BC  07DC               	addwf	SPI_write_byte3@j,f
   694     07BD  1803               	skipnc
   695     07BE  0ADD               	incf	SPI_write_byte3@j+1,f
   696     07BF  3000               	movlw	0
   697     07C0  07DD               	addwf	SPI_write_byte3@j+1,f
   698     07C1                     l853:
   699     07C1  085C               	movf	SPI_write_byte3@j,w
   700     07C2  3E48               	addlw	(low (SPI_write_byte3@str2| 0))& (0+255)
   701     07C3  0084               	movwf	4
   702     07C4  1383               	bcf	3,7	;select IRP bank0
   703     07C5  0800               	movf	0,w
   704     07C6  1D03               	btfss	3,2
   705     07C7  2FC9               	goto	u141
   706     07C8  2FCA               	goto	u140
   707     07C9                     u141:
   708     07C9  2FB0               	goto	l849
   709     07CA                     u140:
   710     07CA                     l52:
   711                           
   712                           ;EPROM_3SLAVE.c: 129:     RD7 = 1;
   713     07CA  1788               	bsf	8,7	;volatile
   714     07CB                     l855:
   715                           
   716                           ;EPROM_3SLAVE.c: 130:     _delay((unsigned long)((10)*(20000000/4000.0)));
   717     07CB  3041               	movlw	65
   718     07CC  00F4               	movwf	??_SPI_write_byte3+1
   719     07CD  30EE               	movlw	238
   720     07CE  00F3               	movwf	??_SPI_write_byte3
   721     07CF                     u207:
   722     07CF  0BF3               	decfsz	??_SPI_write_byte3,f
   723     07D0  2FCF               	goto	u207
   724     07D1  0BF4               	decfsz	??_SPI_write_byte3+1,f
   725     07D2  2FCF               	goto	u207
   726     07D3  0000               	nop
   727     07D4                     l857:
   728                           
   729                           ;EPROM_3SLAVE.c: 131:     RD7 = 0;
   730     07D4  1283               	bcf	3,5	;RP0=0, select bank0
   731     07D5  1303               	bcf	3,6	;RP1=0, select bank0
   732     07D6  1388               	bcf	8,7	;volatile
   733     07D7                     l859:
   734                           
   735                           ;EPROM_3SLAVE.c: 133:     SPI_Master_data(0x04);
   736     07D7  3004               	movlw	4
   737     07D8  120A  118A  25CC  120A  118A  	fcall	_SPI_Master_data
   738     07DD                     l861:
   739                           
   740                           ;EPROM_3SLAVE.c: 134:     RD7 = 1;
   741     07DD  1283               	bcf	3,5	;RP0=0, select bank0
   742     07DE  1303               	bcf	3,6	;RP1=0, select bank0
   743     07DF  1788               	bsf	8,7	;volatile
   744     07E0                     l53:
   745     07E0  0008               	return
   746     07E1                     __end_of_SPI_write_byte3:
   747                           
   748                           	psect	text2
   749     06E0                     __ptext2:	
   750 ;; *************** function _SPI_write_byte2 *****************
   751 ;; Defined at:
   752 ;;		line 74 in file "EPROM_3SLAVE.c"
   753 ;; Parameters:    Size  Location     Type
   754 ;;		None
   755 ;; Auto vars:     Size  Location     Type
   756 ;;  str2           20    0[BANK0 ] unsigned char [20]
   757 ;;  j               2   20[BANK0 ] int 
   758 ;; Return value:  Size  Location     Type
   759 ;;                  1    wreg      void 
   760 ;; Registers used:
   761 ;;		wreg, fsr0l, fsr0h, status,2, status,0, pclath, cstack
   762 ;; Tracked objects:
   763 ;;		On entry : 0/0
   764 ;;		On exit  : 0/0
   765 ;;		Unchanged: 0/0
   766 ;; Data sizes:     COMMON   BANK0   BANK1   BANK3   BANK2
   767 ;;      Params:         0       0       0       0       0
   768 ;;      Locals:         0      22       0       0       0
   769 ;;      Temps:          4       0       0       0       0
   770 ;;      Totals:         4      22       0       0       0
   771 ;;Total ram usage:       26 bytes
   772 ;; Hardware stack levels used: 1
   773 ;; Hardware stack levels required when called: 1
   774 ;; This function calls:
   775 ;;		_SPI_Master_data
   776 ;; This function is called by:
   777 ;;		_main
   778 ;; This function uses a non-reentrant model
   779 ;;
   780                           
   781     06E0                     _SPI_write_byte2:	
   782                           ;psect for function _SPI_write_byte2
   783                           
   784     06E0                     l787:	
   785                           ;incstack = 0
   786                           ; Regs used in _SPI_write_byte2: [wreg-fsr0h+status,2+status,0+pclath+cstack]
   787                           
   788                           
   789                           ;EPROM_3SLAVE.c: 76:     int j;;EPROM_3SLAVE.c: 77:     char str2[20]="Embedded";
   790     06E0  3020               	movlw	SPI_write_byte2@F1021& (0+255)
   791     06E1  0084               	movwf	4
   792     06E2  3048               	movlw	low SPI_write_byte2@str2
   793     06E3  00F3               	movwf	??_SPI_write_byte2
   794     06E4  3014               	movlw	20
   795     06E5  00F4               	movwf	??_SPI_write_byte2+1
   796     06E6                     u110:
   797     06E6  1383               	bcf	3,7	;select IRP bank0
   798     06E7  0800               	movf	0,w
   799     06E8  00F5               	movwf	??_SPI_write_byte2+2
   800     06E9  0A04               	incf	4,w
   801     06EA  00F6               	movwf	??_SPI_write_byte2+3
   802     06EB  0873               	movf	??_SPI_write_byte2,w
   803     06EC  0084               	movwf	4
   804     06ED  0875               	movf	??_SPI_write_byte2+2,w
   805     06EE  0080               	movwf	0
   806     06EF  0A04               	incf	4,w
   807     06F0  00F3               	movwf	??_SPI_write_byte2
   808     06F1  0876               	movf	??_SPI_write_byte2+3,w
   809     06F2  0084               	movwf	4
   810     06F3  0BF4               	decfsz	??_SPI_write_byte2+1,f
   811     06F4  2EE6               	goto	u110
   812     06F5                     l789:
   813                           
   814                           ;EPROM_3SLAVE.c: 79:     RD1 = 1;
   815     06F5  1283               	bcf	3,5	;RP0=0, select bank0
   816     06F6  1303               	bcf	3,6	;RP1=0, select bank0
   817     06F7  1488               	bsf	8,1	;volatile
   818     06F8                     l791:
   819                           
   820                           ;EPROM_3SLAVE.c: 80:     _delay((unsigned long)((1)*(20000000/4000.0)));
   821     06F8  3007               	movlw	7
   822     06F9  00F4               	movwf	??_SPI_write_byte2+1
   823     06FA  307D               	movlw	125
   824     06FB  00F3               	movwf	??_SPI_write_byte2
   825     06FC                     u217:
   826     06FC  0BF3               	decfsz	??_SPI_write_byte2,f
   827     06FD  2EFC               	goto	u217
   828     06FE  0BF4               	decfsz	??_SPI_write_byte2+1,f
   829     06FF  2EFC               	goto	u217
   830     0700                     l793:
   831                           
   832                           ;EPROM_3SLAVE.c: 81:     RD1 = 0;
   833     0700  1283               	bcf	3,5	;RP0=0, select bank0
   834     0701  1303               	bcf	3,6	;RP1=0, select bank0
   835     0702  1088               	bcf	8,1	;volatile
   836     0703                     l795:
   837                           
   838                           ;EPROM_3SLAVE.c: 83:     SPI_Master_data(0x06);
   839     0703  3006               	movlw	6
   840     0704  120A  118A  25CC  120A  118A  	fcall	_SPI_Master_data
   841     0709                     l797:
   842                           
   843                           ;EPROM_3SLAVE.c: 85:     RD1 = 1;
   844     0709  1283               	bcf	3,5	;RP0=0, select bank0
   845     070A  1303               	bcf	3,6	;RP1=0, select bank0
   846     070B  1488               	bsf	8,1	;volatile
   847     070C                     l799:
   848                           
   849                           ;EPROM_3SLAVE.c: 86:     _delay((unsigned long)((10)*(20000000/4000.0)));
   850     070C  3041               	movlw	65
   851     070D  00F4               	movwf	??_SPI_write_byte2+1
   852     070E  30EE               	movlw	238
   853     070F  00F3               	movwf	??_SPI_write_byte2
   854     0710                     u227:
   855     0710  0BF3               	decfsz	??_SPI_write_byte2,f
   856     0711  2F10               	goto	u227
   857     0712  0BF4               	decfsz	??_SPI_write_byte2+1,f
   858     0713  2F10               	goto	u227
   859     0714  0000               	nop
   860     0715                     l801:
   861                           
   862                           ;EPROM_3SLAVE.c: 87:     RD1 = 0;
   863     0715  1283               	bcf	3,5	;RP0=0, select bank0
   864     0716  1303               	bcf	3,6	;RP1=0, select bank0
   865     0717  1088               	bcf	8,1	;volatile
   866     0718                     l803:
   867                           
   868                           ;EPROM_3SLAVE.c: 89:     SPI_Master_data(0x02);
   869     0718  3002               	movlw	2
   870     0719  120A  118A  25CC  120A  118A  	fcall	_SPI_Master_data
   871     071E                     l805:
   872                           
   873                           ;EPROM_3SLAVE.c: 90:     SPI_Master_data(0x00);
   874     071E  3000               	movlw	0
   875     071F  120A  118A  25CC  120A  118A  	fcall	_SPI_Master_data
   876     0724                     l807:
   877                           
   878                           ;EPROM_3SLAVE.c: 91:     SPI_Master_data(0x28);
   879     0724  3028               	movlw	40
   880     0725  120A  118A  25CC  120A  118A  	fcall	_SPI_Master_data
   881     072A                     l809:
   882                           
   883                           ;EPROM_3SLAVE.c: 93:     for(j = 0;str2[j]!='\0'; j++)
   884     072A  1283               	bcf	3,5	;RP0=0, select bank0
   885     072B  1303               	bcf	3,6	;RP1=0, select bank0
   886     072C  01DC               	clrf	SPI_write_byte2@j
   887     072D  01DD               	clrf	SPI_write_byte2@j+1
   888     072E  2F40               	goto	l815
   889     072F                     l811:
   890                           
   891                           ;EPROM_3SLAVE.c: 94:     {;EPROM_3SLAVE.c: 95:         SPI_Master_data(str2[j]);
   892     072F  085C               	movf	SPI_write_byte2@j,w
   893     0730  3E48               	addlw	(low (SPI_write_byte2@str2| 0))& (0+255)
   894     0731  0084               	movwf	4
   895     0732  0800               	movf	0,w
   896     0733  120A  118A  25CC  120A  118A  	fcall	_SPI_Master_data
   897     0738                     l813:
   898                           
   899                           ;EPROM_3SLAVE.c: 96:     }
   900     0738  3001               	movlw	1
   901     0739  1283               	bcf	3,5	;RP0=0, select bank0
   902     073A  1303               	bcf	3,6	;RP1=0, select bank0
   903     073B  07DC               	addwf	SPI_write_byte2@j,f
   904     073C  1803               	skipnc
   905     073D  0ADD               	incf	SPI_write_byte2@j+1,f
   906     073E  3000               	movlw	0
   907     073F  07DD               	addwf	SPI_write_byte2@j+1,f
   908     0740                     l815:
   909     0740  085C               	movf	SPI_write_byte2@j,w
   910     0741  3E48               	addlw	(low (SPI_write_byte2@str2| 0))& (0+255)
   911     0742  0084               	movwf	4
   912     0743  1383               	bcf	3,7	;select IRP bank0
   913     0744  0800               	movf	0,w
   914     0745  1D03               	btfss	3,2
   915     0746  2F48               	goto	u121
   916     0747  2F49               	goto	u120
   917     0748                     u121:
   918     0748  2F2F               	goto	l811
   919     0749                     u120:
   920     0749                     l44:
   921                           
   922                           ;EPROM_3SLAVE.c: 98:     RD1 = 1;
   923     0749  1488               	bsf	8,1	;volatile
   924     074A                     l817:
   925                           
   926                           ;EPROM_3SLAVE.c: 99:     _delay((unsigned long)((10)*(20000000/4000.0)));
   927     074A  3041               	movlw	65
   928     074B  00F4               	movwf	??_SPI_write_byte2+1
   929     074C  30EE               	movlw	238
   930     074D  00F3               	movwf	??_SPI_write_byte2
   931     074E                     u237:
   932     074E  0BF3               	decfsz	??_SPI_write_byte2,f
   933     074F  2F4E               	goto	u237
   934     0750  0BF4               	decfsz	??_SPI_write_byte2+1,f
   935     0751  2F4E               	goto	u237
   936     0752  0000               	nop
   937     0753                     l819:
   938                           
   939                           ;EPROM_3SLAVE.c: 100:     RD1 = 0;
   940     0753  1283               	bcf	3,5	;RP0=0, select bank0
   941     0754  1303               	bcf	3,6	;RP1=0, select bank0
   942     0755  1088               	bcf	8,1	;volatile
   943     0756                     l821:
   944                           
   945                           ;EPROM_3SLAVE.c: 102:     SPI_Master_data(0x04);
   946     0756  3004               	movlw	4
   947     0757  120A  118A  25CC  120A  118A  	fcall	_SPI_Master_data
   948     075C                     l823:
   949                           
   950                           ;EPROM_3SLAVE.c: 103:     RD1 = 1;
   951     075C  1283               	bcf	3,5	;RP0=0, select bank0
   952     075D  1303               	bcf	3,6	;RP1=0, select bank0
   953     075E  1488               	bsf	8,1	;volatile
   954     075F                     l45:
   955     075F  0008               	return
   956     0760                     __end_of_SPI_write_byte2:
   957                           
   958                           	psect	text3
   959     0660                     __ptext3:	
   960 ;; *************** function _SPI_write_byte1 *****************
   961 ;; Defined at:
   962 ;;		line 44 in file "EPROM_3SLAVE.c"
   963 ;; Parameters:    Size  Location     Type
   964 ;;		None
   965 ;; Auto vars:     Size  Location     Type
   966 ;;  str1           20    0[BANK0 ] unsigned char [20]
   967 ;;  i               2   20[BANK0 ] int 
   968 ;; Return value:  Size  Location     Type
   969 ;;                  1    wreg      void 
   970 ;; Registers used:
   971 ;;		wreg, fsr0l, fsr0h, status,2, status,0, pclath, cstack
   972 ;; Tracked objects:
   973 ;;		On entry : 0/0
   974 ;;		On exit  : 0/0
   975 ;;		Unchanged: 0/0
   976 ;; Data sizes:     COMMON   BANK0   BANK1   BANK3   BANK2
   977 ;;      Params:         0       0       0       0       0
   978 ;;      Locals:         0      22       0       0       0
   979 ;;      Temps:          4       0       0       0       0
   980 ;;      Totals:         4      22       0       0       0
   981 ;;Total ram usage:       26 bytes
   982 ;; Hardware stack levels used: 1
   983 ;; Hardware stack levels required when called: 1
   984 ;; This function calls:
   985 ;;		_SPI_Master_data
   986 ;; This function is called by:
   987 ;;		_main
   988 ;; This function uses a non-reentrant model
   989 ;;
   990                           
   991     0660                     _SPI_write_byte1:	
   992                           ;psect for function _SPI_write_byte1
   993                           
   994     0660                     l749:	
   995                           ;incstack = 0
   996                           ; Regs used in _SPI_write_byte1: [wreg-fsr0h+status,2+status,0+pclath+cstack]
   997                           
   998                           
   999                           ;EPROM_3SLAVE.c: 46:     int i;;EPROM_3SLAVE.c: 47:     char str1[20]="NITHIS";
  1000     0660  3034               	movlw	SPI_write_byte1@F1017& (0+255)
  1001     0661  0084               	movwf	4
  1002     0662  3048               	movlw	low SPI_write_byte1@str1
  1003     0663  00F3               	movwf	??_SPI_write_byte1
  1004     0664  3014               	movlw	20
  1005     0665  00F4               	movwf	??_SPI_write_byte1+1
  1006     0666                     u90:
  1007     0666  1383               	bcf	3,7	;select IRP bank0
  1008     0667  0800               	movf	0,w
  1009     0668  00F5               	movwf	??_SPI_write_byte1+2
  1010     0669  0A04               	incf	4,w
  1011     066A  00F6               	movwf	??_SPI_write_byte1+3
  1012     066B  0873               	movf	??_SPI_write_byte1,w
  1013     066C  0084               	movwf	4
  1014     066D  0875               	movf	??_SPI_write_byte1+2,w
  1015     066E  0080               	movwf	0
  1016     066F  0A04               	incf	4,w
  1017     0670  00F3               	movwf	??_SPI_write_byte1
  1018     0671  0876               	movf	??_SPI_write_byte1+3,w
  1019     0672  0084               	movwf	4
  1020     0673  0BF4               	decfsz	??_SPI_write_byte1+1,f
  1021     0674  2E66               	goto	u90
  1022     0675                     l751:
  1023                           
  1024                           ;EPROM_3SLAVE.c: 48:     RD0 = 1;
  1025     0675  1283               	bcf	3,5	;RP0=0, select bank0
  1026     0676  1303               	bcf	3,6	;RP1=0, select bank0
  1027     0677  1408               	bsf	8,0	;volatile
  1028     0678                     l753:
  1029                           
  1030                           ;EPROM_3SLAVE.c: 49:     _delay((unsigned long)((1)*(20000000/4000.0)));
  1031     0678  3007               	movlw	7
  1032     0679  00F4               	movwf	??_SPI_write_byte1+1
  1033     067A  307D               	movlw	125
  1034     067B  00F3               	movwf	??_SPI_write_byte1
  1035     067C                     u247:
  1036     067C  0BF3               	decfsz	??_SPI_write_byte1,f
  1037     067D  2E7C               	goto	u247
  1038     067E  0BF4               	decfsz	??_SPI_write_byte1+1,f
  1039     067F  2E7C               	goto	u247
  1040     0680                     l755:
  1041                           
  1042                           ;EPROM_3SLAVE.c: 50:     RD0 = 0;
  1043     0680  1283               	bcf	3,5	;RP0=0, select bank0
  1044     0681  1303               	bcf	3,6	;RP1=0, select bank0
  1045     0682  1008               	bcf	8,0	;volatile
  1046     0683                     l757:
  1047                           
  1048                           ;EPROM_3SLAVE.c: 52:     SPI_Master_data(0x06);
  1049     0683  3006               	movlw	6
  1050     0684  120A  118A  25CC  120A  118A  	fcall	_SPI_Master_data
  1051     0689                     l759:
  1052                           
  1053                           ;EPROM_3SLAVE.c: 54:     RD0 = 1;
  1054     0689  1283               	bcf	3,5	;RP0=0, select bank0
  1055     068A  1303               	bcf	3,6	;RP1=0, select bank0
  1056     068B  1408               	bsf	8,0	;volatile
  1057     068C                     l761:
  1058                           
  1059                           ;EPROM_3SLAVE.c: 55:     _delay((unsigned long)((10)*(20000000/4000.0)));
  1060     068C  3041               	movlw	65
  1061     068D  00F4               	movwf	??_SPI_write_byte1+1
  1062     068E  30EE               	movlw	238
  1063     068F  00F3               	movwf	??_SPI_write_byte1
  1064     0690                     u257:
  1065     0690  0BF3               	decfsz	??_SPI_write_byte1,f
  1066     0691  2E90               	goto	u257
  1067     0692  0BF4               	decfsz	??_SPI_write_byte1+1,f
  1068     0693  2E90               	goto	u257
  1069     0694  0000               	nop
  1070     0695                     l763:
  1071                           
  1072                           ;EPROM_3SLAVE.c: 56:     RD0 = 0;
  1073     0695  1283               	bcf	3,5	;RP0=0, select bank0
  1074     0696  1303               	bcf	3,6	;RP1=0, select bank0
  1075     0697  1008               	bcf	8,0	;volatile
  1076     0698                     l765:
  1077                           
  1078                           ;EPROM_3SLAVE.c: 58:     SPI_Master_data(0x02);
  1079     0698  3002               	movlw	2
  1080     0699  120A  118A  25CC  120A  118A  	fcall	_SPI_Master_data
  1081     069E                     l767:
  1082                           
  1083                           ;EPROM_3SLAVE.c: 59:     SPI_Master_data(0x00);
  1084     069E  3000               	movlw	0
  1085     069F  120A  118A  25CC  120A  118A  	fcall	_SPI_Master_data
  1086     06A4                     l769:
  1087                           
  1088                           ;EPROM_3SLAVE.c: 60:     SPI_Master_data(0x00);
  1089     06A4  3000               	movlw	0
  1090     06A5  120A  118A  25CC  120A  118A  	fcall	_SPI_Master_data
  1091     06AA                     l771:
  1092                           
  1093                           ;EPROM_3SLAVE.c: 62:     for(i=0;str1[i]!='\0';i++)
  1094     06AA  1283               	bcf	3,5	;RP0=0, select bank0
  1095     06AB  1303               	bcf	3,6	;RP1=0, select bank0
  1096     06AC  01DC               	clrf	SPI_write_byte1@i
  1097     06AD  01DD               	clrf	SPI_write_byte1@i+1
  1098     06AE  2EC0               	goto	l777
  1099     06AF                     l773:
  1100                           
  1101                           ;EPROM_3SLAVE.c: 63:     {;EPROM_3SLAVE.c: 64:         SPI_Master_data(str1[i]);
  1102     06AF  085C               	movf	SPI_write_byte1@i,w
  1103     06B0  3E48               	addlw	(low (SPI_write_byte1@str1| 0))& (0+255)
  1104     06B1  0084               	movwf	4
  1105     06B2  0800               	movf	0,w
  1106     06B3  120A  118A  25CC  120A  118A  	fcall	_SPI_Master_data
  1107     06B8                     l775:
  1108                           
  1109                           ;EPROM_3SLAVE.c: 65:     }
  1110     06B8  3001               	movlw	1
  1111     06B9  1283               	bcf	3,5	;RP0=0, select bank0
  1112     06BA  1303               	bcf	3,6	;RP1=0, select bank0
  1113     06BB  07DC               	addwf	SPI_write_byte1@i,f
  1114     06BC  1803               	skipnc
  1115     06BD  0ADD               	incf	SPI_write_byte1@i+1,f
  1116     06BE  3000               	movlw	0
  1117     06BF  07DD               	addwf	SPI_write_byte1@i+1,f
  1118     06C0                     l777:
  1119     06C0  085C               	movf	SPI_write_byte1@i,w
  1120     06C1  3E48               	addlw	(low (SPI_write_byte1@str1| 0))& (0+255)
  1121     06C2  0084               	movwf	4
  1122     06C3  1383               	bcf	3,7	;select IRP bank0
  1123     06C4  0800               	movf	0,w
  1124     06C5  1D03               	btfss	3,2
  1125     06C6  2EC8               	goto	u101
  1126     06C7  2EC9               	goto	u100
  1127     06C8                     u101:
  1128     06C8  2EAF               	goto	l773
  1129     06C9                     u100:
  1130     06C9                     l36:
  1131                           
  1132                           ;EPROM_3SLAVE.c: 67:     RD0 = 1;
  1133     06C9  1408               	bsf	8,0	;volatile
  1134     06CA                     l779:
  1135                           
  1136                           ;EPROM_3SLAVE.c: 68:     _delay((unsigned long)((10)*(20000000/4000.0)));
  1137     06CA  3041               	movlw	65
  1138     06CB  00F4               	movwf	??_SPI_write_byte1+1
  1139     06CC  30EE               	movlw	238
  1140     06CD  00F3               	movwf	??_SPI_write_byte1
  1141     06CE                     u267:
  1142     06CE  0BF3               	decfsz	??_SPI_write_byte1,f
  1143     06CF  2ECE               	goto	u267
  1144     06D0  0BF4               	decfsz	??_SPI_write_byte1+1,f
  1145     06D1  2ECE               	goto	u267
  1146     06D2  0000               	nop
  1147     06D3                     l781:
  1148                           
  1149                           ;EPROM_3SLAVE.c: 69:     RD0 = 0;
  1150     06D3  1283               	bcf	3,5	;RP0=0, select bank0
  1151     06D4  1303               	bcf	3,6	;RP1=0, select bank0
  1152     06D5  1008               	bcf	8,0	;volatile
  1153     06D6                     l783:
  1154                           
  1155                           ;EPROM_3SLAVE.c: 71:     SPI_Master_data(0x04);
  1156     06D6  3004               	movlw	4
  1157     06D7  120A  118A  25CC  120A  118A  	fcall	_SPI_Master_data
  1158     06DC                     l785:
  1159                           
  1160                           ;EPROM_3SLAVE.c: 72:     RD0 = 1;
  1161     06DC  1283               	bcf	3,5	;RP0=0, select bank0
  1162     06DD  1303               	bcf	3,6	;RP1=0, select bank0
  1163     06DE  1408               	bsf	8,0	;volatile
  1164     06DF                     l37:
  1165     06DF  0008               	return
  1166     06E0                     __end_of_SPI_write_byte1:
  1167                           
  1168                           	psect	text4
  1169     05CC                     __ptext4:	
  1170 ;; *************** function _SPI_Master_data *****************
  1171 ;; Defined at:
  1172 ;;		line 36 in file "EPROM_3SLAVE.c"
  1173 ;; Parameters:    Size  Location     Type
  1174 ;;  a               1    wreg     unsigned char 
  1175 ;; Auto vars:     Size  Location     Type
  1176 ;;  a               1    2[COMMON] unsigned char 
  1177 ;; Return value:  Size  Location     Type
  1178 ;;                  1    wreg      void 
  1179 ;; Registers used:
  1180 ;;		wreg
  1181 ;; Tracked objects:
  1182 ;;		On entry : 0/0
  1183 ;;		On exit  : 0/0
  1184 ;;		Unchanged: 0/0
  1185 ;; Data sizes:     COMMON   BANK0   BANK1   BANK3   BANK2
  1186 ;;      Params:         0       0       0       0       0
  1187 ;;      Locals:         1       0       0       0       0
  1188 ;;      Temps:          2       0       0       0       0
  1189 ;;      Totals:         3       0       0       0       0
  1190 ;;Total ram usage:        3 bytes
  1191 ;; Hardware stack levels used: 1
  1192 ;; This function calls:
  1193 ;;		Nothing
  1194 ;; This function is called by:
  1195 ;;		_SPI_write_byte1
  1196 ;;		_SPI_write_byte2
  1197 ;;		_SPI_write_byte3
  1198 ;; This function uses a non-reentrant model
  1199 ;;
  1200                           
  1201     05CC                     _SPI_Master_data:	
  1202                           ;psect for function _SPI_Master_data
  1203                           
  1204                           
  1205                           ;incstack = 0
  1206                           ; Regs used in _SPI_Master_data: [wreg]
  1207                           ;SPI_Master_data@a stored from wreg
  1208     05CC  00F2               	movwf	SPI_Master_data@a
  1209     05CD                     l745:
  1210                           
  1211                           ;EPROM_3SLAVE.c: 36: void SPI_Master_data(char a);EPROM_3SLAVE.c: 37: {;EPROM_3SLAVE.c: 
      +                          38:     SSPBUF = a;
  1212     05CD  0872               	movf	SPI_Master_data@a,w
  1213     05CE  1283               	bcf	3,5	;RP0=0, select bank0
  1214     05CF  1303               	bcf	3,6	;RP1=0, select bank0
  1215     05D0  0093               	movwf	19	;volatile
  1216     05D1                     l26:	
  1217                           ;EPROM_3SLAVE.c: 39:     while(SSPIF == 0);
  1218                           
  1219     05D1  1D8C               	btfss	12,3	;volatile
  1220     05D2  2DD4               	goto	u81
  1221     05D3  2DD5               	goto	u80
  1222     05D4                     u81:
  1223     05D4  2DD1               	goto	l26
  1224     05D5                     u80:
  1225     05D5                     l28:
  1226                           
  1227                           ;EPROM_3SLAVE.c: 40:     SSPIF = 0;
  1228     05D5  118C               	bcf	12,3	;volatile
  1229     05D6                     l747:
  1230                           
  1231                           ;EPROM_3SLAVE.c: 41:     _delay((unsigned long)((10)*(20000000/4000.0)));
  1232     05D6  3041               	movlw	65
  1233     05D7  00F1               	movwf	??_SPI_Master_data+1
  1234     05D8  30EE               	movlw	238
  1235     05D9  00F0               	movwf	??_SPI_Master_data
  1236     05DA                     u277:
  1237     05DA  0BF0               	decfsz	??_SPI_Master_data,f
  1238     05DB  2DDA               	goto	u277
  1239     05DC  0BF1               	decfsz	??_SPI_Master_data+1,f
  1240     05DD  2DDA               	goto	u277
  1241     05DE  0000               	nop
  1242     05DF                     l29:
  1243     05DF  0008               	return
  1244     05E0                     __end_of_SPI_Master_data:
  1245                           
  1246                           	psect	text5
  1247     05B1                     __ptext5:	
  1248 ;; *************** function _SPI_Master_init *****************
  1249 ;; Defined at:
  1250 ;;		line 30 in file "EPROM_3SLAVE.c"
  1251 ;; Parameters:    Size  Location     Type
  1252 ;;		None
  1253 ;; Auto vars:     Size  Location     Type
  1254 ;;		None
  1255 ;; Return value:  Size  Location     Type
  1256 ;;                  1    wreg      void 
  1257 ;; Registers used:
  1258 ;;		status,2
  1259 ;; Tracked objects:
  1260 ;;		On entry : 0/0
  1261 ;;		On exit  : 0/0
  1262 ;;		Unchanged: 0/0
  1263 ;; Data sizes:     COMMON   BANK0   BANK1   BANK3   BANK2
  1264 ;;      Params:         0       0       0       0       0
  1265 ;;      Locals:         0       0       0       0       0
  1266 ;;      Temps:          0       0       0       0       0
  1267 ;;      Totals:         0       0       0       0       0
  1268 ;;Total ram usage:        0 bytes
  1269 ;; Hardware stack levels used: 1
  1270 ;; This function calls:
  1271 ;;		Nothing
  1272 ;; This function is called by:
  1273 ;;		_main
  1274 ;; This function uses a non-reentrant model
  1275 ;;
  1276                           
  1277     05B1                     _SPI_Master_init:	
  1278                           ;psect for function _SPI_Master_init
  1279                           
  1280     05B1                     l609:	
  1281                           ;incstack = 0
  1282                           ; Regs used in _SPI_Master_init: [status,2]
  1283                           
  1284                           
  1285                           ;EPROM_3SLAVE.c: 32:     SSPCON = 0X20;
  1286     05B1  3020               	movlw	32
  1287     05B2  1283               	bcf	3,5	;RP0=0, select bank0
  1288     05B3  1303               	bcf	3,6	;RP1=0, select bank0
  1289     05B4  0094               	movwf	20	;volatile
  1290     05B5                     l611:
  1291                           
  1292                           ;EPROM_3SLAVE.c: 33:     SSPSTAT = 0x00;
  1293     05B5  1683               	bsf	3,5	;RP0=1, select bank1
  1294     05B6  1303               	bcf	3,6	;RP1=0, select bank1
  1295     05B7  0194               	clrf	20	;volatile
  1296     05B8                     l23:
  1297     05B8  0008               	return
  1298     05B9                     __end_of_SPI_Master_init:
  1299     0002                     ___latbits      equ	2
  1300     007E                     btemp           set	126	;btemp
  1301     007E                     btemp0          set	126
  1302     007F                     btemp1          set	127
  1303     007E                     wtemp0          set	126
  1304     007F                     wtemp0a         set	127
  1305     007F                     ttemp0a         set	127
  1306     0080                     ltemp0a         set	128
  1307                           
  1308                           	psect	config
  1309                           
  1310                           ;Config register CONFIG @ 0x2007
  1311                           ;	Oscillator Selection bits
  1312                           ;	FOSC = HS, HS oscillator
  1313                           ;	Watchdog Timer Enable bit
  1314                           ;	WDTE = OFF, WDT disabled
  1315                           ;	Power-up Timer Enable bit
  1316                           ;	PWRTE = OFF, PWRT disabled
  1317                           ;	Brown-out Reset Enable bit
  1318                           ;	BOREN = OFF, BOR disabled
  1319                           ;	Low-Voltage (Single-Supply) In-Circuit Serial Programming Enable bit
  1320                           ;	LVP = OFF, RB3 is digital I/O, HV on MCLR must be used for programming
  1321                           ;	Data EEPROM Memory Code Protection bit
  1322                           ;	CPD = OFF, Data EEPROM code protection off
  1323                           ;	Flash Program Memory Write Enable bits
  1324                           ;	WRT = OFF, Write protection off; all program memory may be written to by EECON control
  1325                           ;	In-Circuit Debugger Mode bit
  1326                           ;	DEBUG = 0x1, unprogrammed default
  1327                           ;	Flash Program Memory Code Protection bit
  1328                           ;	CP = OFF, Code protection off
  1329     2007                     	org	8199
  1330     2007  3F3A               	dw	16186

Data Sizes:
    Strings     0
    Constant    0
    Data        60
    BSS         0
    Persistent  0
    Stack       0

Auto Spaces:
    Space          Size  Autos    Used
    COMMON           14     10      10
    BANK0            80     22      62
    BANK1            80      0      20
    BANK3            96      0       0
    BANK2            96      0       0

Pointer List with Targets:

    None.

Critical Paths under _main in COMMON

    _main->_SPI_write_byte1
    _main->_SPI_write_byte2
    _main->_SPI_write_byte3
    _SPI_write_byte3->_SPI_Master_data
    _SPI_write_byte2->_SPI_Master_data
    _SPI_write_byte1->_SPI_Master_data

Critical Paths under _main in BANK0

    _main->_SPI_write_byte1
    _main->_SPI_write_byte2
    _main->_SPI_write_byte3

Critical Paths under _main in BANK1

    None.

Critical Paths under _main in BANK3

    None.

Critical Paths under _main in BANK2

    None.

Call Graph Tables:

 ---------------------------------------------------------------------------------
 (Depth) Function   	        Calls       Base Space   Used Autos Params    Refs
 ---------------------------------------------------------------------------------
 (0) _main                                                 3     3      0     366
                                              7 COMMON     3     3      0
                    _SPI_Master_init
                    _SPI_write_byte1
                    _SPI_write_byte2
                    _SPI_write_byte3
 ---------------------------------------------------------------------------------
 (1) _SPI_write_byte3                                     26    26      0     122
                                              3 COMMON     4     4      0
                                              0 BANK0     22    22      0
                    _SPI_Master_data
 ---------------------------------------------------------------------------------
 (1) _SPI_write_byte2                                     26    26      0     122
                                              3 COMMON     4     4      0
                                              0 BANK0     22    22      0
                    _SPI_Master_data
 ---------------------------------------------------------------------------------
 (1) _SPI_write_byte1                                     26    26      0     122
                                              3 COMMON     4     4      0
                                              0 BANK0     22    22      0
                    _SPI_Master_data
 ---------------------------------------------------------------------------------
 (2) _SPI_Master_data                                      3     3      0      29
                                              0 COMMON     3     3      0
 ---------------------------------------------------------------------------------
 (1) _SPI_Master_init                                      0     0      0       0
 ---------------------------------------------------------------------------------
 Estimated maximum stack depth 2
 ---------------------------------------------------------------------------------

 Call Graph Graphs:

 _main (ROOT)
   _SPI_Master_init
   _SPI_write_byte1
     _SPI_Master_data
   _SPI_write_byte2
     _SPI_Master_data
   _SPI_write_byte3
     _SPI_Master_data

Address spaces:
Name               Size   Autos  Total    Usage
BANK3               96      0       0      0.0%
BITBANK3            96      0       0      0.0%
BANK2               96      0       0      0.0%
BITBANK2            96      0       0      0.0%
BANK1               80      0      20     25.0%
BITBANK1            80      0       0      0.0%
BANK0               80     22      62     77.5%
BITBANK0            80      0       0      0.0%
COMMON              14     10      10     71.4%
BITCOMMON           14      0       0      0.0%
DATA                 0      0      92      0.0%
STACK                0      0       0      0.0%


Microchip Technology PIC Macro Assembler V3.10 build 20250813170317 
Symbol Table                                                                                   Fri Dec  5 13:13:04 2025

                      pc 0002          _SPI_Master_data 05CC          _SPI_Master_init 05B1  
                     l23 05B8                       l26 05D1                       l28 05D5  
                     l36 06C9                       l44 0749                       l52 07CA  
                     l29 05DF                       l37 06DF                       l45 075F  
                     l53 07E0                       l58 065C                       l59 065C  
                     u80 05D5                       u81 05D4                       u90 0666  
                     fsr 0004                      l611 05B5                      l609 05B1  
                    l801 0715                      l811 072F                      l803 0718  
                    l821 0756                      l813 0738                      l805 071E  
                    l751 0675                      l823 075C                      l815 0740  
                    l807 0724                      l831 0781                      l745 05CD  
                    l761 068C                      l753 0678                      l817 074A  
                    l809 072A                      l841 0799                      l833 0784  
                    l825 0760                      l747 05D6                      l771 06AA  
                    l763 0695                      l755 0680                      l819 0753  
                    l851 07B9                      l843 079F                      l835 078A  
                    l827 0775                      l781 06D3                      l773 06AF  
                    l765 0698                      l757 0683                      l749 0660  
                    l861 07DD                      l853 07C1                      l845 07A5  
                    l837 078D                      l829 0778                      l783 06D6  
                    l775 06B8                      l767 069E                      l759 0689  
                    l791 06F8                      l855 07CB                      l847 07AB  
                    l839 0796                      l871 062B                      l863 061C  
                    l785 06DC                      l777 06C0                      l769 06A4  
                    l793 0700                      l857 07D4                      l849 07B0  
                    l873 0638                      l865 0620                      l779 06CA  
                    l795 0703                      l787 06E0                      l859 07D7  
                    l875 063D                      l867 0621                      l797 0709  
                    l789 06F5                      l877 064A                      l869 0626  
                    l799 070C                      l879 064F                      _RD0 0040  
                    _RD1 0041                      u100 06C9                      u101 06C8  
                    u110 06E6                      _RD7 0047                      u120 0749  
                    u121 0748                      u130 0766                      u140 07CA  
                    u141 07C9                      u207 07CF                      u217 06FC  
                    u227 0710                      u237 074E                      u157 0631  
                    u247 067C                      u167 0643                      u257 0690  
                    u177 0655                      u267 06CE                      u187 077C  
                    u277 05DA                      u197 0791                      fsr0 0004  
                    indf 0000                     _main 061C                     btemp 007E  
                   start 0000         ?_SPI_write_byte1 0070         ?_SPI_write_byte2 0070  
       ?_SPI_write_byte3 0070                    ?_main 0070                    _TRISC 0087  
                  _TRISD 0088                    _SSPIF 0063                    btemp0 007E  
                  btemp1 007F                    pclath 000A                    status 0003  
                  wtemp0 007E  __end_of_SPI_Master_data 05E0  __end_of_SPI_Master_init 05B9  
        __initialization 07E1             __end_of_main 0660                   ??_main 0077  
                 _SSPCON 0014                   _SSPBUF 0013         SPI_Master_data@a 0072  
                 ltemp0a 0080                   ttemp0a 007F                   wtemp0a 007F  
__end_of__initialization 07FC         ?_SPI_Master_data 0070         ?_SPI_Master_init 0070  
         __pcstackCOMMON 0070             __pidataBANK0 05F4             __pidataBANK1 05E0  
    SPI_write_byte1@str1 0048      SPI_write_byte2@str2 0048      SPI_write_byte3@str2 0048  
             __pmaintext 061C                  _SSPSTAT 0094         SPI_write_byte1@i 005C  
       SPI_write_byte2@j 005C         SPI_write_byte3@j 005C                  __ptext1 0760  
                __ptext2 06E0                  __ptext3 0660                  __ptext4 05CC  
                __ptext5 05B1     end_of_initialization 07FC      start_initialization 07E1  
      ??_SPI_write_byte1 0073        ??_SPI_write_byte2 0073        ??_SPI_write_byte3 0073  
             init_fetch0 05B9              __pdataBANK0 0020              __pdataBANK1 00A0  
   SPI_write_byte1@F1017 0034     SPI_write_byte2@F1021 0020     SPI_write_byte3@F1025 00A0  
              ___latbits 0002            __pcstackBANK0 0048        ??_SPI_Master_data 0070  
      ??_SPI_Master_init 0070          _SPI_write_byte1 0660          _SPI_write_byte2 06E0  
        _SPI_write_byte3 0760                 init_ram0 05BD  __end_of_SPI_write_byte1 06E0  
__end_of_SPI_write_byte2 0760  __end_of_SPI_write_byte3 07E1  
