

Microchip MPLAB XC8 Assembler V3.10 build 20250813170317 
                                                                                               Tue Dec  2 13:49:09 2025

Microchip MPLAB XC8 C Compiler v3.10 (Free license) build 20250813170317 Og1 
     1                           	processor	16F877A
     2                           	pagewidth 120
     3                           	opt	flic
     4                           	psect	strings,global,class=STRING,space=0,delta=2,noexec
     5                           	psect	cinit,global,class=CODE,space=0,merge=1,delta=2
     6                           	psect	cstackCOMMON,global,class=COMMON,space=1,delta=1,noexec
     7                           	psect	maintext,global,class=CODE,space=0,split=1,delta=2
     8                           	psect	text1,local,class=CODE,space=0,merge=1,delta=2
     9                           	psect	text2,local,class=CODE,space=0,merge=1,delta=2
    10                           	psect	text3,local,class=CODE,space=0,merge=1,delta=2
    11                           	psect	text4,local,class=CODE,space=0,merge=1,delta=2
    12                           	psect	text5,local,class=CODE,space=0,merge=1,delta=2
    13                           	psect	text6,local,class=CODE,space=0,merge=1,delta=2
    14                           	psect	config,global,abs,ovrld,class=CONFIG,space=4,delta=2,noexec
    15                           	dabs	1,0x7E,2
    16     0000                     
    17                           ; Generated 12/10/2023 GMT
    18                           ; 
    19                           ; Copyright © 2023, Microchip Technology Inc. and its subsidiaries ("Microchip")
    20                           ; All rights reserved.
    21                           ; 
    22                           ; This software is developed by Microchip Technology Inc. and its subsidiaries ("Microch
      +                          ip").
    23                           ; 
    24                           ; Redistribution and use in source and binary forms, with or without modification, are
    25                           ; permitted provided that the following conditions are met:
    26                           ; 
    27                           ;     1. Redistributions of source code must retain the above copyright notice, this lis
      +                          t of
    28                           ;        conditions and the following disclaimer.
    29                           ; 
    30                           ;     2. Redistributions in binary form must reproduce the above copyright notice, this 
      +                          list
    31                           ;        of conditions and the following disclaimer in the documentation and/or other
    32                           ;        materials provided with the distribution. Publication is not required when
    33                           ;        this file is used in an embedded application.
    34                           ; 
    35                           ;     3. Microchip's name may not be used to endorse or promote products derived from th
      +                          is
    36                           ;        software without specific prior written permission.
    37                           ; 
    38                           ; THIS SOFTWARE IS PROVIDED BY MICROCHIP "AS IS" AND ANY EXPRESS OR IMPLIED WARRANTIES,
    39                           ; INCLUDING, BUT NOT LIMITED TO, THE IMPLIED WARRANTIES OF MERCHANTABILITY AND FITNESS F
      +                          OR
    40                           ; PURPOSE ARE DISCLAIMED.  IN NO EVENT SHALL MICROCHIP BE LIABLE FOR ANY DIRECT, INDIREC
      +                          T,
    41                           ; INCIDENTAL, SPECIAL, EXEMPLARY, OR CONSEQUENTIAL DAMAGES (INCLUDING BUT NOT LIMITED TO
    42                           ; PROCUREMENT OF SUBSTITUTE GOODS OR SERVICES; LOSS OF USE, DATA OR PROFITS; OR BUSINESS
    43                           ; INTERRUPTION) HOWSOEVER CAUSED AND ON ANY THEORY OF LIABILITY, WHETHER IN CONTRACT, ST
      +                          RICT
    44                           ; LIABILITY, OR TORT (INCLUDING NEGLIGENCE OR OTHERWISE) ARISING IN ANY WAY OUT OF THE U
      +                          SE OF
    45                           ; THIS SOFTWARE, EVEN IF ADVISED OF THE POSSIBILITY OF SUCH DAMAGE.
    46                           ; 
    47                           ; 
    48                           ; Code-generator required, PIC16F877A Definitions
    49                           ; 
    50                           ; SFR Addresses
    51     0004                     fsr             equ	4
    52     0004                     fsr0            equ	4
    53     0000                     indf            equ	0
    54     0000                     indf0           equ	0
    55     0002                     pc              equ	2
    56     0002                     pcl             equ	2
    57     000A                     pclath          equ	10
    58     0003                     status          equ	3
    59     0000                     INDF            equ	0	;# 
    60     0001                     TMR0            equ	1	;# 
    61     0002                     PCL             equ	2	;# 
    62     0003                     STATUS          equ	3	;# 
    63     0004                     FSR             equ	4	;# 
    64     0005                     PORTA           equ	5	;# 
    65     0006                     PORTB           equ	6	;# 
    66     0007                     PORTC           equ	7	;# 
    67     0008                     PORTD           equ	8	;# 
    68     0009                     PORTE           equ	9	;# 
    69     000A                     PCLATH          equ	10	;# 
    70     000B                     INTCON          equ	11	;# 
    71     000C                     PIR1            equ	12	;# 
    72     000D                     PIR2            equ	13	;# 
    73     000E                     TMR1            equ	14	;# 
    74     000E                     TMR1L           equ	14	;# 
    75     000F                     TMR1H           equ	15	;# 
    76     0010                     T1CON           equ	16	;# 
    77     0011                     TMR2            equ	17	;# 
    78     0012                     T2CON           equ	18	;# 
    79     0013                     SSPBUF          equ	19	;# 
    80     0014                     SSPCON          equ	20	;# 
    81     0015                     CCPR1           equ	21	;# 
    82     0015                     CCPR1L          equ	21	;# 
    83     0016                     CCPR1H          equ	22	;# 
    84     0017                     CCP1CON         equ	23	;# 
    85     0018                     RCSTA           equ	24	;# 
    86     0019                     TXREG           equ	25	;# 
    87     001A                     RCREG           equ	26	;# 
    88     001B                     CCPR2           equ	27	;# 
    89     001B                     CCPR2L          equ	27	;# 
    90     001C                     CCPR2H          equ	28	;# 
    91     001D                     CCP2CON         equ	29	;# 
    92     001E                     ADRESH          equ	30	;# 
    93     001F                     ADCON0          equ	31	;# 
    94     0081                     OPTION_REG      equ	129	;# 
    95     0085                     TRISA           equ	133	;# 
    96     0086                     TRISB           equ	134	;# 
    97     0087                     TRISC           equ	135	;# 
    98     0088                     TRISD           equ	136	;# 
    99     0089                     TRISE           equ	137	;# 
   100     008C                     PIE1            equ	140	;# 
   101     008D                     PIE2            equ	141	;# 
   102     008E                     PCON            equ	142	;# 
   103     0091                     SSPCON2         equ	145	;# 
   104     0092                     PR2             equ	146	;# 
   105     0093                     SSPADD          equ	147	;# 
   106     0094                     SSPSTAT         equ	148	;# 
   107     0098                     TXSTA           equ	152	;# 
   108     0099                     SPBRG           equ	153	;# 
   109     009C                     CMCON           equ	156	;# 
   110     009D                     CVRCON          equ	157	;# 
   111     009E                     ADRESL          equ	158	;# 
   112     009F                     ADCON1          equ	159	;# 
   113     010C                     EEDATA          equ	268	;# 
   114     010D                     EEADR           equ	269	;# 
   115     010E                     EEDATH          equ	270	;# 
   116     010F                     EEADRH          equ	271	;# 
   117     018C                     EECON1          equ	396	;# 
   118     018D                     EECON2          equ	397	;# 
   119     0000                     INDF            equ	0	;# 
   120     0001                     TMR0            equ	1	;# 
   121     0002                     PCL             equ	2	;# 
   122     0003                     STATUS          equ	3	;# 
   123     0004                     FSR             equ	4	;# 
   124     0005                     PORTA           equ	5	;# 
   125     0006                     PORTB           equ	6	;# 
   126     0007                     PORTC           equ	7	;# 
   127     0008                     PORTD           equ	8	;# 
   128     0009                     PORTE           equ	9	;# 
   129     000A                     PCLATH          equ	10	;# 
   130     000B                     INTCON          equ	11	;# 
   131     000C                     PIR1            equ	12	;# 
   132     000D                     PIR2            equ	13	;# 
   133     000E                     TMR1            equ	14	;# 
   134     000E                     TMR1L           equ	14	;# 
   135     000F                     TMR1H           equ	15	;# 
   136     0010                     T1CON           equ	16	;# 
   137     0011                     TMR2            equ	17	;# 
   138     0012                     T2CON           equ	18	;# 
   139     0013                     SSPBUF          equ	19	;# 
   140     0014                     SSPCON          equ	20	;# 
   141     0015                     CCPR1           equ	21	;# 
   142     0015                     CCPR1L          equ	21	;# 
   143     0016                     CCPR1H          equ	22	;# 
   144     0017                     CCP1CON         equ	23	;# 
   145     0018                     RCSTA           equ	24	;# 
   146     0019                     TXREG           equ	25	;# 
   147     001A                     RCREG           equ	26	;# 
   148     001B                     CCPR2           equ	27	;# 
   149     001B                     CCPR2L          equ	27	;# 
   150     001C                     CCPR2H          equ	28	;# 
   151     001D                     CCP2CON         equ	29	;# 
   152     001E                     ADRESH          equ	30	;# 
   153     001F                     ADCON0          equ	31	;# 
   154     0081                     OPTION_REG      equ	129	;# 
   155     0085                     TRISA           equ	133	;# 
   156     0086                     TRISB           equ	134	;# 
   157     0087                     TRISC           equ	135	;# 
   158     0088                     TRISD           equ	136	;# 
   159     0089                     TRISE           equ	137	;# 
   160     008C                     PIE1            equ	140	;# 
   161     008D                     PIE2            equ	141	;# 
   162     008E                     PCON            equ	142	;# 
   163     0091                     SSPCON2         equ	145	;# 
   164     0092                     PR2             equ	146	;# 
   165     0093                     SSPADD          equ	147	;# 
   166     0094                     SSPSTAT         equ	148	;# 
   167     0098                     TXSTA           equ	152	;# 
   168     0099                     SPBRG           equ	153	;# 
   169     009C                     CMCON           equ	156	;# 
   170     009D                     CVRCON          equ	157	;# 
   171     009E                     ADRESL          equ	158	;# 
   172     009F                     ADCON1          equ	159	;# 
   173     010C                     EEDATA          equ	268	;# 
   174     010D                     EEADR           equ	269	;# 
   175     010E                     EEDATH          equ	270	;# 
   176     010F                     EEADRH          equ	271	;# 
   177     018C                     EECON1          equ	396	;# 
   178     018D                     EECON2          equ	397	;# 
   179     0014                     _SSPCON         set	20
   180     0013                     _SSPBUF         set	19
   181     0063                     _SSPIF          set	99
   182     0042                     _RD2            set	66
   183     0041                     _RD1            set	65
   184     0040                     _RD0            set	64
   185     0094                     _SSPSTAT        set	148
   186     0088                     _TRISD          set	136
   187     0087                     _TRISC          set	135
   188                           
   189                           	psect	strings
   190     0003                     __pstrings:
   191     0003                     stringtab:
   192     0003                     __stringtab:
   193     0003                     stringcode:	
   194                           ;	String table - string pointers are 1 byte each
   195                           
   196     0003                     stringdir:
   197     0003  3000               	movlw	high stringdir
   198     0004  008A               	movwf	10
   199     0005  0804               	movf	4,w
   200     0006  0A84               	incf	4,f
   201     0007  0782               	addwf	2,f
   202     0008                     __stringbase:
   203     0008  3400               	retlw	0
   204     0009                     __end_of__stringtab:
   205     0009                     STR_1:
   206     0009  344E               	retlw	78	;'N'
   207     000A  3449               	retlw	73	;'I'
   208     000B  3454               	retlw	84	;'T'
   209     000C  3448               	retlw	72	;'H'
   210     000D  3449               	retlw	73	;'I'
   211     000E  3453               	retlw	83	;'S'
   212     000F  3448               	retlw	72	;'H'
   213     0010  3400               	retlw	0
   214     0011                     STR_2:
   215     0011  344B               	retlw	75	;'K'
   216     0012  3455               	retlw	85	;'U'
   217     0013  344D               	retlw	77	;'M'
   218     0014  3441               	retlw	65	;'A'
   219     0015  3452               	retlw	82	;'R'
   220     0016  3400               	retlw	0
   221     0017                     STR_3:
   222     0017  3450               	retlw	80	;'P'
   223     0018  3400               	retlw	0
   224                           
   225                           	psect	cinit
   226     07FC                     start_initialization:	
   227                           ; #config settings
   228                           
   229     07FC                     __initialization:
   230     07FC                     end_of_initialization:	
   231                           ;End of C runtime variable initialization code
   232                           
   233     07FC                     __end_of__initialization:
   234     07FC  0183               	clrf	3
   235     07FD  120A  118A  2FC9   	ljmp	_main	;jump to C main() function
   236                           
   237                           	psect	cstackCOMMON
   238     0070                     __pcstackCOMMON:
   239     0070                     ?_master_init:
   240     0070                     ?_slave1_init:	
   241                           ; 1 bytes @ 0x0
   242                           
   243     0070                     ?_slave2_init:	
   244                           ; 1 bytes @ 0x0
   245                           
   246     0070                     ?_slave3_init:	
   247                           ; 1 bytes @ 0x0
   248                           
   249     0070                     ?_data_tx:	
   250                           ; 1 bytes @ 0x0
   251                           
   252     0070                     ?_main:	
   253                           ; 1 bytes @ 0x0
   254                           
   255     0070                     data_tx@a:	
   256                           ; 2 bytes @ 0x0
   257                           
   258     0070                     ??_master_init:	
   259                           ; 1 bytes @ 0x0
   260                           
   261     0070                     ??_data_tx:	
   262                           ; 1 bytes @ 0x0
   263                           
   264                           
   265                           ; 1 bytes @ 0x0
   266     0070                     	ds	1
   267     0071                     ?_string_data:
   268     0071                     string_data@s:	
   269                           ; 1 bytes @ 0x1
   270                           
   271                           
   272                           ; 1 bytes @ 0x1
   273     0071                     	ds	1
   274     0072                     ??_slave1_init:
   275     0072                     ??_slave2_init:	
   276                           ; 1 bytes @ 0x2
   277                           
   278     0072                     ??_slave3_init:	
   279                           ; 1 bytes @ 0x2
   280                           
   281     0072                     ??_string_data:	
   282                           ; 1 bytes @ 0x2
   283                           
   284                           
   285                           ; 1 bytes @ 0x2
   286     0072                     	ds	2
   287     0074                     ??_main:
   288                           
   289                           ; 1 bytes @ 0x4
   290     0074                     	ds	2
   291                           
   292                           	psect	maintext
   293     07C9                     __pmaintext:	
   294 ;;
   295 ;;Main: autosize = 0, tempsize = 2, incstack = 0, save=0
   296 ;;
   297 ;; *************** function _main *****************
   298 ;; Defined at:
   299 ;;		line 29 in file "SPI_SS3.c"
   300 ;; Parameters:    Size  Location     Type
   301 ;;		None
   302 ;; Auto vars:     Size  Location     Type
   303 ;;		None
   304 ;; Return value:  Size  Location     Type
   305 ;;                  2   34[None  ] int 
   306 ;; Registers used:
   307 ;;		wreg, fsr0l, fsr0h, status,2, status,0, pclath, cstack
   308 ;; Tracked objects:
   309 ;;		On entry : B00/0
   310 ;;		On exit  : 0/0
   311 ;;		Unchanged: 0/0
   312 ;; Data sizes:     COMMON   BANK0   BANK1   BANK3   BANK2
   313 ;;      Params:         0       0       0       0       0
   314 ;;      Locals:         0       0       0       0       0
   315 ;;      Temps:          2       0       0       0       0
   316 ;;      Totals:         2       0       0       0       0
   317 ;;Total ram usage:        2 bytes
   318 ;; Hardware stack levels required when called: 3
   319 ;; This function calls:
   320 ;;		_master_init
   321 ;;		_slave1_init
   322 ;;		_slave2_init
   323 ;;		_slave3_init
   324 ;; This function is called by:
   325 ;;		Startup code after reset
   326 ;; This function uses a non-reentrant model
   327 ;;
   328                           
   329     07C9                     _main:	
   330                           ;psect for function _main
   331                           
   332     07C9                     l704:	
   333                           ;incstack = 0
   334                           ; Regs used in _main: [wreg-fsr0h+status,2+status,0+pclath+cstack]
   335                           
   336                           
   337                           ;SPI_SS3.c: 31:     master_init();
   338     07C9  120A  118A  2749  120A  118A  	fcall	_master_init
   339     07CE                     l706:
   340                           
   341                           ;SPI_SS3.c: 33:     slave1_init();
   342     07CE  120A  118A  275F  120A  118A  	fcall	_slave1_init
   343     07D3                     l708:
   344                           
   345                           ;SPI_SS3.c: 34:     _delay((unsigned long)((10)*(20000000/4000.0)));
   346     07D3  3041               	movlw	65
   347     07D4  00F5               	movwf	??_main+1
   348     07D5  30EE               	movlw	238
   349     07D6  00F4               	movwf	??_main
   350     07D7                     u47:
   351     07D7  0BF4               	decfsz	??_main,f
   352     07D8  2FD7               	goto	u47
   353     07D9  0BF5               	decfsz	??_main+1,f
   354     07DA  2FD7               	goto	u47
   355     07DB  0000               	nop
   356     07DC                     l710:
   357                           
   358                           ;SPI_SS3.c: 36:     slave2_init();
   359     07DC  120A  118A  2779  120A  118A  	fcall	_slave2_init
   360     07E1                     l712:
   361                           
   362                           ;SPI_SS3.c: 37:     _delay((unsigned long)((10)*(20000000/4000.0)));
   363     07E1  3041               	movlw	65
   364     07E2  00F5               	movwf	??_main+1
   365     07E3  30EE               	movlw	238
   366     07E4  00F4               	movwf	??_main
   367     07E5                     u57:
   368     07E5  0BF4               	decfsz	??_main,f
   369     07E6  2FE5               	goto	u57
   370     07E7  0BF5               	decfsz	??_main+1,f
   371     07E8  2FE5               	goto	u57
   372     07E9  0000               	nop
   373     07EA                     l714:
   374                           
   375                           ;SPI_SS3.c: 39:     slave3_init();
   376     07EA  120A  118A  2793  120A  118A  	fcall	_slave3_init
   377     07EF                     l716:
   378                           
   379                           ;SPI_SS3.c: 40:     _delay((unsigned long)((10)*(20000000/4000.0)));
   380     07EF  3041               	movlw	65
   381     07F0  00F5               	movwf	??_main+1
   382     07F1  30EE               	movlw	238
   383     07F2  00F4               	movwf	??_main
   384     07F3                     u67:
   385     07F3  0BF4               	decfsz	??_main,f
   386     07F4  2FF3               	goto	u67
   387     07F5  0BF5               	decfsz	??_main+1,f
   388     07F6  2FF3               	goto	u67
   389     07F7  0000               	nop
   390     07F8                     l35:	
   391                           ;SPI_SS3.c: 42:     while(1);
   392                           
   393     07F8                     l36:
   394     07F8  2FF8               	goto	l35
   395     07F9  120A  118A  2800   	ljmp	start
   396     07FC                     __end_of_main:
   397                           
   398                           	psect	text1
   399     0793                     __ptext1:	
   400 ;; *************** function _slave3_init *****************
   401 ;; Defined at:
   402 ;;		line 66 in file "SPI_SS3.c"
   403 ;; Parameters:    Size  Location     Type
   404 ;;		None
   405 ;; Auto vars:     Size  Location     Type
   406 ;;		None
   407 ;; Return value:  Size  Location     Type
   408 ;;                  1    wreg      void 
   409 ;; Registers used:
   410 ;;		wreg, fsr0l, fsr0h, status,2, status,0, pclath, cstack
   411 ;; Tracked objects:
   412 ;;		On entry : 0/0
   413 ;;		On exit  : 0/0
   414 ;;		Unchanged: 0/0
   415 ;; Data sizes:     COMMON   BANK0   BANK1   BANK3   BANK2
   416 ;;      Params:         0       0       0       0       0
   417 ;;      Locals:         0       0       0       0       0
   418 ;;      Temps:          2       0       0       0       0
   419 ;;      Totals:         2       0       0       0       0
   420 ;;Total ram usage:        2 bytes
   421 ;; Hardware stack levels used: 1
   422 ;; Hardware stack levels required when called: 1
   423 ;; This function calls:
   424 ;;		_string_data
   425 ;; This function is called by:
   426 ;;		_main
   427 ;; This function uses a non-reentrant model
   428 ;;
   429                           
   430     0793                     _slave3_init:	
   431                           ;psect for function _slave3_init
   432                           
   433     0793                     l694:	
   434                           ;incstack = 0
   435                           ; Regs used in _slave3_init: [wreg-fsr0h+status,2+status,0+pclath+cstack]
   436                           
   437                           
   438                           ;SPI_SS3.c: 68:     RD2 = 1;
   439     0793  1283               	bcf	3,5	;RP0=0, select bank0
   440     0794  1303               	bcf	3,6	;RP1=0, select bank0
   441     0795  1508               	bsf	8,2	;volatile
   442     0796                     l696:
   443                           
   444                           ;SPI_SS3.c: 69:     _delay((unsigned long)((10)*(20000000/4000.0)));
   445     0796  3041               	movlw	65
   446     0797  00F3               	movwf	??_slave3_init+1
   447     0798  30EE               	movlw	238
   448     0799  00F2               	movwf	??_slave3_init
   449     079A                     u77:
   450     079A  0BF2               	decfsz	??_slave3_init,f
   451     079B  2F9A               	goto	u77
   452     079C  0BF3               	decfsz	??_slave3_init+1,f
   453     079D  2F9A               	goto	u77
   454     079E  0000               	nop
   455     079F                     l698:
   456                           
   457                           ;SPI_SS3.c: 70:     RD2 = 0;
   458     079F  1283               	bcf	3,5	;RP0=0, select bank0
   459     07A0  1303               	bcf	3,6	;RP1=0, select bank0
   460     07A1  1108               	bcf	8,2	;volatile
   461     07A2                     l700:
   462                           
   463                           ;SPI_SS3.c: 71:     string_data("P");
   464     07A2  300F               	movlw	(low ((STR_3-__stringbase)| (0+32768)))& (0+255)
   465     07A3  00F1               	movwf	string_data@s
   466     07A4  120A  118A  27AD  120A  118A  	fcall	_string_data
   467     07A9                     l702:
   468                           
   469                           ;SPI_SS3.c: 72:     RD2 = 1;
   470     07A9  1283               	bcf	3,5	;RP0=0, select bank0
   471     07AA  1303               	bcf	3,6	;RP1=0, select bank0
   472     07AB  1508               	bsf	8,2	;volatile
   473     07AC                     l47:
   474     07AC  0008               	return
   475     07AD                     __end_of_slave3_init:
   476                           
   477                           	psect	text2
   478     0779                     __ptext2:	
   479 ;; *************** function _slave2_init *****************
   480 ;; Defined at:
   481 ;;		line 56 in file "SPI_SS3.c"
   482 ;; Parameters:    Size  Location     Type
   483 ;;		None
   484 ;; Auto vars:     Size  Location     Type
   485 ;;		None
   486 ;; Return value:  Size  Location     Type
   487 ;;                  1    wreg      void 
   488 ;; Registers used:
   489 ;;		wreg, fsr0l, fsr0h, status,2, status,0, pclath, cstack
   490 ;; Tracked objects:
   491 ;;		On entry : 0/0
   492 ;;		On exit  : 0/0
   493 ;;		Unchanged: 0/0
   494 ;; Data sizes:     COMMON   BANK0   BANK1   BANK3   BANK2
   495 ;;      Params:         0       0       0       0       0
   496 ;;      Locals:         0       0       0       0       0
   497 ;;      Temps:          2       0       0       0       0
   498 ;;      Totals:         2       0       0       0       0
   499 ;;Total ram usage:        2 bytes
   500 ;; Hardware stack levels used: 1
   501 ;; Hardware stack levels required when called: 1
   502 ;; This function calls:
   503 ;;		_string_data
   504 ;; This function is called by:
   505 ;;		_main
   506 ;; This function uses a non-reentrant model
   507 ;;
   508                           
   509     0779                     _slave2_init:	
   510                           ;psect for function _slave2_init
   511                           
   512     0779                     l684:	
   513                           ;incstack = 0
   514                           ; Regs used in _slave2_init: [wreg-fsr0h+status,2+status,0+pclath+cstack]
   515                           
   516                           
   517                           ;SPI_SS3.c: 58:     RD1 = 1;
   518     0779  1283               	bcf	3,5	;RP0=0, select bank0
   519     077A  1303               	bcf	3,6	;RP1=0, select bank0
   520     077B  1488               	bsf	8,1	;volatile
   521     077C                     l686:
   522                           
   523                           ;SPI_SS3.c: 59:     _delay((unsigned long)((10)*(20000000/4000.0)));
   524     077C  3041               	movlw	65
   525     077D  00F3               	movwf	??_slave2_init+1
   526     077E  30EE               	movlw	238
   527     077F  00F2               	movwf	??_slave2_init
   528     0780                     u87:
   529     0780  0BF2               	decfsz	??_slave2_init,f
   530     0781  2F80               	goto	u87
   531     0782  0BF3               	decfsz	??_slave2_init+1,f
   532     0783  2F80               	goto	u87
   533     0784  0000               	nop
   534     0785                     l688:
   535                           
   536                           ;SPI_SS3.c: 60:     RD1 = 0;
   537     0785  1283               	bcf	3,5	;RP0=0, select bank0
   538     0786  1303               	bcf	3,6	;RP1=0, select bank0
   539     0787  1088               	bcf	8,1	;volatile
   540     0788                     l690:
   541                           
   542                           ;SPI_SS3.c: 61:     string_data("KUMAR");
   543     0788  3009               	movlw	(low ((STR_2-__stringbase)| (0+32768)))& (0+255)
   544     0789  00F1               	movwf	string_data@s
   545     078A  120A  118A  27AD  120A  118A  	fcall	_string_data
   546     078F                     l692:
   547                           
   548                           ;SPI_SS3.c: 62:     RD1 = 1;
   549     078F  1283               	bcf	3,5	;RP0=0, select bank0
   550     0790  1303               	bcf	3,6	;RP1=0, select bank0
   551     0791  1488               	bsf	8,1	;volatile
   552     0792                     l44:
   553     0792  0008               	return
   554     0793                     __end_of_slave2_init:
   555                           
   556                           	psect	text3
   557     075F                     __ptext3:	
   558 ;; *************** function _slave1_init *****************
   559 ;; Defined at:
   560 ;;		line 46 in file "SPI_SS3.c"
   561 ;; Parameters:    Size  Location     Type
   562 ;;		None
   563 ;; Auto vars:     Size  Location     Type
   564 ;;		None
   565 ;; Return value:  Size  Location     Type
   566 ;;                  1    wreg      void 
   567 ;; Registers used:
   568 ;;		wreg, fsr0l, fsr0h, status,2, status,0, pclath, cstack
   569 ;; Tracked objects:
   570 ;;		On entry : 0/0
   571 ;;		On exit  : 0/0
   572 ;;		Unchanged: 0/0
   573 ;; Data sizes:     COMMON   BANK0   BANK1   BANK3   BANK2
   574 ;;      Params:         0       0       0       0       0
   575 ;;      Locals:         0       0       0       0       0
   576 ;;      Temps:          2       0       0       0       0
   577 ;;      Totals:         2       0       0       0       0
   578 ;;Total ram usage:        2 bytes
   579 ;; Hardware stack levels used: 1
   580 ;; Hardware stack levels required when called: 2
   581 ;; This function calls:
   582 ;;		_string_data
   583 ;; This function is called by:
   584 ;;		_main
   585 ;; This function uses a non-reentrant model
   586 ;;
   587                           
   588     075F                     _slave1_init:	
   589                           ;psect for function _slave1_init
   590                           
   591     075F                     l674:	
   592                           ;incstack = 0
   593                           ; Regs used in _slave1_init: [wreg-fsr0h+status,2+status,0+pclath+cstack]
   594                           
   595                           
   596                           ;SPI_SS3.c: 48:     RD0 = 1;
   597     075F  1283               	bcf	3,5	;RP0=0, select bank0
   598     0760  1303               	bcf	3,6	;RP1=0, select bank0
   599     0761  1408               	bsf	8,0	;volatile
   600     0762                     l676:
   601                           
   602                           ;SPI_SS3.c: 49:     _delay((unsigned long)((10)*(20000000/4000.0)));
   603     0762  3041               	movlw	65
   604     0763  00F3               	movwf	??_slave1_init+1
   605     0764  30EE               	movlw	238
   606     0765  00F2               	movwf	??_slave1_init
   607     0766                     u97:
   608     0766  0BF2               	decfsz	??_slave1_init,f
   609     0767  2F66               	goto	u97
   610     0768  0BF3               	decfsz	??_slave1_init+1,f
   611     0769  2F66               	goto	u97
   612     076A  0000               	nop
   613     076B                     l678:
   614                           
   615                           ;SPI_SS3.c: 50:     RD0 = 0;
   616     076B  1283               	bcf	3,5	;RP0=0, select bank0
   617     076C  1303               	bcf	3,6	;RP1=0, select bank0
   618     076D  1008               	bcf	8,0	;volatile
   619     076E                     l680:
   620                           
   621                           ;SPI_SS3.c: 51:     string_data("NITHISH");
   622     076E  3001               	movlw	(low ((STR_1-__stringbase)| (0+32768)))& (0+255)
   623     076F  00F1               	movwf	string_data@s
   624     0770  120A  118A  27AD  120A  118A  	fcall	_string_data
   625     0775                     l682:
   626                           
   627                           ;SPI_SS3.c: 52:     RD0 = 1;
   628     0775  1283               	bcf	3,5	;RP0=0, select bank0
   629     0776  1303               	bcf	3,6	;RP1=0, select bank0
   630     0777  1408               	bsf	8,0	;volatile
   631     0778                     l41:
   632     0778  0008               	return
   633     0779                     __end_of_slave1_init:
   634                           
   635                           	psect	text4
   636     07AD                     __ptext4:	
   637 ;; *************** function _string_data *****************
   638 ;; Defined at:
   639 ;;		line 94 in file "SPI_SS3.c"
   640 ;; Parameters:    Size  Location     Type
   641 ;;  s               1    1[COMMON] PTR unsigned char 
   642 ;;		 -> STR_3(2), STR_2(6), STR_1(8), 
   643 ;; Auto vars:     Size  Location     Type
   644 ;;		None
   645 ;; Return value:  Size  Location     Type
   646 ;;                  1    wreg      void 
   647 ;; Registers used:
   648 ;;		wreg, fsr0l, fsr0h, status,2, status,0, pclath, cstack
   649 ;; Tracked objects:
   650 ;;		On entry : 0/0
   651 ;;		On exit  : 0/0
   652 ;;		Unchanged: 0/0
   653 ;; Data sizes:     COMMON   BANK0   BANK1   BANK3   BANK2
   654 ;;      Params:         1       0       0       0       0
   655 ;;      Locals:         0       0       0       0       0
   656 ;;      Temps:          0       0       0       0       0
   657 ;;      Totals:         1       0       0       0       0
   658 ;;Total ram usage:        1 bytes
   659 ;; Hardware stack levels used: 1
   660 ;; This function calls:
   661 ;;		_data_tx
   662 ;; This function is called by:
   663 ;;		_slave1_init
   664 ;;		_slave2_init
   665 ;;		_slave3_init
   666 ;; This function uses a non-reentrant model
   667 ;;
   668                           
   669     07AD                     _string_data:	
   670                           ;psect for function _string_data
   671                           
   672     07AD                     l666:	
   673                           ;incstack = 0
   674                           ; Regs used in _string_data: [wreg-fsr0h+status,2+status,0+pclath+cstack]
   675                           
   676                           
   677                           ;SPI_SS3.c: 94: void string_data(char *s);SPI_SS3.c: 95: {;SPI_SS3.c: 96:     while(*s)
   678     07AD  2FBC               	goto	l672
   679     07AE                     l668:
   680                           
   681                           ;SPI_SS3.c: 97:     {;SPI_SS3.c: 98:         data_tx(*s++);
   682     07AE  0871               	movf	string_data@s,w
   683     07AF  0084               	movwf	4
   684     07B0  120A  118A  2003  120A  118A  	fcall	stringdir
   685     07B5  120A  118A  2754  120A  118A  	fcall	_data_tx
   686     07BA                     l670:
   687     07BA  3001               	movlw	1
   688     07BB  07F1               	addwf	string_data@s,f
   689     07BC                     l672:
   690                           
   691                           ;SPI_SS3.c: 96:     while(*s)
   692     07BC  0871               	movf	string_data@s,w
   693     07BD  0084               	movwf	4
   694     07BE  120A  118A  2003  120A  118A  	fcall	stringdir
   695     07C3  3A00               	xorlw	0
   696     07C4  1D03               	skipz
   697     07C5  2FC7               	goto	u31
   698     07C6  2FC8               	goto	u30
   699     07C7                     u31:
   700     07C7  2FAE               	goto	l668
   701     07C8                     u30:
   702     07C8                     l62:
   703     07C8  0008               	return
   704     07C9                     __end_of_string_data:
   705                           
   706                           	psect	text5
   707     0754                     __ptext5:	
   708 ;; *************** function _data_tx *****************
   709 ;; Defined at:
   710 ;;		line 76 in file "SPI_SS3.c"
   711 ;; Parameters:    Size  Location     Type
   712 ;;  a               1    wreg     unsigned char 
   713 ;; Auto vars:     Size  Location     Type
   714 ;;  a               1    0[COMMON] unsigned char 
   715 ;; Return value:  Size  Location     Type
   716 ;;                  1    wreg      void 
   717 ;; Registers used:
   718 ;;		wreg
   719 ;; Tracked objects:
   720 ;;		On entry : 0/0
   721 ;;		On exit  : 0/0
   722 ;;		Unchanged: 0/0
   723 ;; Data sizes:     COMMON   BANK0   BANK1   BANK3   BANK2
   724 ;;      Params:         0       0       0       0       0
   725 ;;      Locals:         1       0       0       0       0
   726 ;;      Temps:          0       0       0       0       0
   727 ;;      Totals:         1       0       0       0       0
   728 ;;Total ram usage:        1 bytes
   729 ;; Hardware stack levels used: 1
   730 ;; This function calls:
   731 ;;		Nothing
   732 ;; This function is called by:
   733 ;;		_string_data
   734 ;; This function uses a non-reentrant model
   735 ;;
   736                           
   737     0754                     _data_tx:	
   738                           ;psect for function _data_tx
   739                           
   740                           
   741                           ;incstack = 0
   742                           ; Regs used in _data_tx: [wreg]
   743                           ;data_tx@a stored from wreg
   744     0754  00F0               	movwf	data_tx@a
   745     0755                     l606:
   746                           
   747                           ;SPI_SS3.c: 76: void data_tx(char a);SPI_SS3.c: 77: {;SPI_SS3.c: 78:     SSPBUF = a;
   748     0755  0870               	movf	data_tx@a,w
   749     0756  1283               	bcf	3,5	;RP0=0, select bank0
   750     0757  1303               	bcf	3,6	;RP1=0, select bank0
   751     0758  0093               	movwf	19	;volatile
   752     0759                     l50:	
   753                           ;SPI_SS3.c: 79:     while(SSPIF == 0);
   754                           
   755     0759  1D8C               	btfss	12,3	;volatile
   756     075A  2F5C               	goto	u11
   757     075B  2F5D               	goto	u10
   758     075C                     u11:
   759     075C  2F59               	goto	l50
   760     075D                     u10:
   761     075D                     l52:
   762                           
   763                           ;SPI_SS3.c: 80:     SSPIF = 0;
   764     075D  118C               	bcf	12,3	;volatile
   765     075E                     l53:
   766     075E  0008               	return
   767     075F                     __end_of_data_tx:
   768                           
   769                           	psect	text6
   770     0749                     __ptext6:	
   771 ;; *************** function _master_init *****************
   772 ;; Defined at:
   773 ;;		line 84 in file "SPI_SS3.c"
   774 ;; Parameters:    Size  Location     Type
   775 ;;		None
   776 ;; Auto vars:     Size  Location     Type
   777 ;;		None
   778 ;; Return value:  Size  Location     Type
   779 ;;                  1    wreg      void 
   780 ;; Registers used:
   781 ;;		status,2
   782 ;; Tracked objects:
   783 ;;		On entry : 0/0
   784 ;;		On exit  : 0/0
   785 ;;		Unchanged: 0/0
   786 ;; Data sizes:     COMMON   BANK0   BANK1   BANK3   BANK2
   787 ;;      Params:         0       0       0       0       0
   788 ;;      Locals:         0       0       0       0       0
   789 ;;      Temps:          0       0       0       0       0
   790 ;;      Totals:         0       0       0       0       0
   791 ;;Total ram usage:        0 bytes
   792 ;; Hardware stack levels used: 1
   793 ;; This function calls:
   794 ;;		Nothing
   795 ;; This function is called by:
   796 ;;		_main
   797 ;; This function uses a non-reentrant model
   798 ;;
   799                           
   800     0749                     _master_init:	
   801                           ;psect for function _master_init
   802                           
   803     0749                     l616:	
   804                           ;incstack = 0
   805                           ; Regs used in _master_init: [status,2]
   806                           
   807                           
   808                           ;SPI_SS3.c: 86:     TRISC = 0x10;
   809     0749  3010               	movlw	16
   810     074A  1683               	bsf	3,5	;RP0=1, select bank1
   811     074B  1303               	bcf	3,6	;RP1=0, select bank1
   812     074C  0087               	movwf	7	;volatile
   813     074D                     l618:
   814                           
   815                           ;SPI_SS3.c: 87:     TRISD = 0x00;
   816     074D  0188               	clrf	8	;volatile
   817                           
   818                           ;SPI_SS3.c: 89:     SSPSTAT = 0x00;
   819     074E  0194               	clrf	20	;volatile
   820     074F                     l620:
   821                           
   822                           ;SPI_SS3.c: 90:     SSPCON = 0x20;
   823     074F  3020               	movlw	32
   824     0750  1283               	bcf	3,5	;RP0=0, select bank0
   825     0751  1303               	bcf	3,6	;RP1=0, select bank0
   826     0752  0094               	movwf	20	;volatile
   827     0753                     l56:
   828     0753  0008               	return
   829     0754                     __end_of_master_init:
   830     0002                     ___latbits      equ	2
   831     007E                     btemp           set	126	;btemp
   832     007E                     btemp0          set	126
   833     007F                     btemp1          set	127
   834     007E                     wtemp0          set	126
   835     007F                     wtemp0a         set	127
   836     007F                     ttemp0a         set	127
   837     0080                     ltemp0a         set	128
   838                           
   839                           	psect	config
   840                           
   841                           ;Config register CONFIG @ 0x2007
   842                           ;	Oscillator Selection bits
   843                           ;	FOSC = HS, HS oscillator
   844                           ;	Watchdog Timer Enable bit
   845                           ;	WDTE = OFF, WDT disabled
   846                           ;	Power-up Timer Enable bit
   847                           ;	PWRTE = OFF, PWRT disabled
   848                           ;	Brown-out Reset Enable bit
   849                           ;	BOREN = OFF, BOR disabled
   850                           ;	Low-Voltage (Single-Supply) In-Circuit Serial Programming Enable bit
   851                           ;	LVP = OFF, RB3 is digital I/O, HV on MCLR must be used for programming
   852                           ;	Data EEPROM Memory Code Protection bit
   853                           ;	CPD = OFF, Data EEPROM code protection off
   854                           ;	Flash Program Memory Write Enable bits
   855                           ;	WRT = OFF, Write protection off; all program memory may be written to by EECON control
   856                           ;	In-Circuit Debugger Mode bit
   857                           ;	DEBUG = 0x1, unprogrammed default
   858                           ;	Flash Program Memory Code Protection bit
   859                           ;	CP = OFF, Code protection off
   860     2007                     	org	8199
   861     2007  3F3A               	dw	16186

Data Sizes:
    Strings     16
    Constant    0
    Data        0
    BSS         0
    Persistent  0
    Stack       0

Auto Spaces:
    Space          Size  Autos    Used
    COMMON           14      6       6
    BANK0            80      0       0
    BANK1            80      0       0
    BANK3            96      0       0
    BANK2            96      0       0

Pointer List with Targets:

    string_data@s	PTR unsigned char  size(1) Largest target is 8
		 -> STR_1(CODE[8]), STR_2(CODE[6]), STR_3(CODE[2]), 


Critical Paths under _main in COMMON

    _main->_slave1_init
    _main->_slave2_init
    _main->_slave3_init
    _slave3_init->_string_data
    _slave2_init->_string_data
    _slave1_init->_string_data
    _string_data->_data_tx

Critical Paths under _main in BANK0

    None.

Critical Paths under _main in BANK1

    None.

Critical Paths under _main in BANK3

    None.

Critical Paths under _main in BANK2

    None.

Call Graph Tables:

 ---------------------------------------------------------------------------------
 (Depth) Function   	        Calls       Base Space   Used Autos Params    Refs
 ---------------------------------------------------------------------------------
 (0) _main                                                 2     2      0     189
                                              4 COMMON     2     2      0
                        _master_init
                        _slave1_init
                        _slave2_init
                        _slave3_init
 ---------------------------------------------------------------------------------
 (1) _slave3_init                                          2     2      0      63
                                              2 COMMON     2     2      0
                        _string_data
 ---------------------------------------------------------------------------------
 (1) _slave2_init                                          2     2      0      63
                                              2 COMMON     2     2      0
                        _string_data
 ---------------------------------------------------------------------------------
 (1) _slave1_init                                          2     2      0      63
                                              2 COMMON     2     2      0
                        _string_data
 ---------------------------------------------------------------------------------
 (2) _string_data                                          1     0      1      63
                                              1 COMMON     1     0      1
                            _data_tx
 ---------------------------------------------------------------------------------
 (3) _data_tx                                              1     1      0      15
                                              0 COMMON     1     1      0
 ---------------------------------------------------------------------------------
 (1) _master_init                                          0     0      0       0
 ---------------------------------------------------------------------------------
 Estimated maximum stack depth 3
 ---------------------------------------------------------------------------------

 Call Graph Graphs:

 _main (ROOT)
   _master_init
   _slave1_init
     _string_data
       _data_tx
   _slave2_init
     _string_data
   _slave3_init
     _string_data

Address spaces:
Name               Size   Autos  Total    Usage
BITCOMMON           14      0       0      0.0%
BITBANK0            80      0       0      0.0%
BITBANK1            80      0       0      0.0%
BITBANK3            96      0       0      0.0%
BITBANK2            96      0       0      0.0%
COMMON              14      6       6     42.9%
BANK0               80      0       0      0.0%
BANK1               80      0       0      0.0%
BANK3               96      0       0      0.0%
BANK2               96      0       0      0.0%
STACK                0      0       0      0.0%
DATA                 0      0       6      0.0%


Microchip Technology PIC Macro Assembler V3.10 build 20250813170317 
Symbol Table                                                                                   Tue Dec  2 13:49:09 2025

                      pc 0002                       l41 0778                       l50 0759  
                     l35 07F8                       l52 075D                       l44 0792  
                     l36 07F8                       l53 075E                       l62 07C8  
                     l47 07AC                       l56 0753                       u10 075D  
                     u11 075C                       u30 07C8                       u31 07C7  
                     u47 07D7                       u57 07E5                       u67 07F3  
                     u77 079A                       u87 0780                       u97 0766  
                     fsr 0004                      l620 074F                      l700 07A2  
                    l606 0755                      l702 07A9                      l710 07DC  
                    l616 0749                      l712 07E1                      l704 07C9  
                    l618 074D                      l714 07EA                      l706 07CE  
                    l716 07EF                      l708 07D3                      l670 07BA  
                    l672 07BC                      l680 076E                      l666 07AD  
                    l682 0775                      l674 075F                      l690 0788  
                    l668 07AE                      l676 0762                      l692 078F  
                    l684 0779                      l678 076B                      l686 077C  
                    l694 0793                      l688 0785                      l696 0796  
                    l698 079F                      _RD0 0040                      _RD1 0041  
                    _RD2 0042                      fsr0 0004                     STR_1 0009  
                   STR_2 0011                     STR_3 0017                     _main 07C9  
                   btemp 007E                     start 0000              _string_data 07AD  
                  ?_main 0070                    _TRISC 0087                    _TRISD 0088  
                  _SSPIF 0063          __end_of_data_tx 075F             ?_master_init 0070  
                  btemp0 007E                    btemp1 007F                    pclath 000A  
                  status 0003                    wtemp0 007E          __initialization 07FC  
           __end_of_main 07FC                   ??_main 0074                   _SSPBUF 0013  
                 _SSPCON 0014             ?_slave1_init 0070             ?_slave2_init 0070  
           ?_slave3_init 0070                ??_data_tx 0070                   ltemp0a 0080  
                 ttemp0a 007F                   wtemp0a 007F  __end_of__initialization 07FC  
         __pcstackCOMMON 0070               __pmaintext 07C9             ?_string_data 0071  
                _SSPSTAT 0094               __stringtab 0003                  _data_tx 0754  
                __ptext1 0793                  __ptext2 0779                  __ptext3 075F  
                __ptext4 07AD                  __ptext5 0754                  __ptext6 0749  
           string_data@s 0071     end_of_initialization 07FC      start_initialization 07FC  
              ___latbits 0002            ??_master_init 0070                 ?_data_tx 0070  
              __pstrings 0003      __end_of_master_init 0754            ??_slave1_init 0072  
          ??_slave2_init 0072            ??_slave3_init 0072              __stringbase 0008  
    __end_of_slave1_init 0779      __end_of_slave2_init 0793      __end_of_slave3_init 07AD  
     __end_of__stringtab 0009              _master_init 0749                 data_tx@a 0070  
          ??_string_data 0072              _slave1_init 075F              _slave2_init 0779  
            _slave3_init 0793                stringcode 0003      __end_of_string_data 07C9  
               stringdir 0003                 stringtab 0003  
