

Microchip MPLAB XC8 Assembler V3.10 build 20250813170317 
                                                                                               Fri Jan  2 13:58:24 2026

Microchip MPLAB XC8 C Compiler v3.10 (Free license) build 20250813170317 Og1 
     1                           	processor	16F877A
     2                           	pagewidth 120
     3                           	opt	flic
     4                           	psect	strings,global,class=STRING,space=0,delta=2,noexec
     5                           	psect	cinit,global,class=CODE,space=0,merge=1,delta=2
     6                           	psect	bssCOMMON,global,class=COMMON,space=1,delta=1,noexec
     7                           	psect	cstackCOMMON,global,class=COMMON,space=1,delta=1,noexec
     8                           	psect	maintext,global,class=CODE,space=0,split=1,delta=2
     9                           	psect	text1,local,class=CODE,space=0,merge=1,delta=2
    10                           	psect	text2,local,class=CODE,space=0,merge=1,delta=2
    11                           	psect	text3,local,class=CODE,space=0,merge=1,delta=2
    12                           	psect	intentry,global,class=CODE,space=0,delta=2
    13                           	psect	text4,local,class=CODE,space=0,merge=1,delta=2
    14                           	psect	config,global,abs,ovrld,class=CONFIG,space=4,delta=2,noexec
    15                           	dabs	1,0x7E,2
    16     0000                     
    17                           ; Generated 12/10/2023 GMT
    18                           ; 
    19                           ; Copyright © 2023, Microchip Technology Inc. and its subsidiaries ("Microchip")
    20                           ; All rights reserved.
    21                           ; 
    22                           ; This software is developed by Microchip Technology Inc. and its subsidiaries ("Microch
      +                          ip").
    23                           ; 
    24                           ; Redistribution and use in source and binary forms, with or without modification, are
    25                           ; permitted provided that the following conditions are met:
    26                           ; 
    27                           ;     1. Redistributions of source code must retain the above copyright notice, this lis
      +                          t of
    28                           ;        conditions and the following disclaimer.
    29                           ; 
    30                           ;     2. Redistributions in binary form must reproduce the above copyright notice, this 
      +                          list
    31                           ;        of conditions and the following disclaimer in the documentation and/or other
    32                           ;        materials provided with the distribution. Publication is not required when
    33                           ;        this file is used in an embedded application.
    34                           ; 
    35                           ;     3. Microchip's name may not be used to endorse or promote products derived from th
      +                          is
    36                           ;        software without specific prior written permission.
    37                           ; 
    38                           ; THIS SOFTWARE IS PROVIDED BY MICROCHIP "AS IS" AND ANY EXPRESS OR IMPLIED WARRANTIES,
    39                           ; INCLUDING, BUT NOT LIMITED TO, THE IMPLIED WARRANTIES OF MERCHANTABILITY AND FITNESS F
      +                          OR
    40                           ; PURPOSE ARE DISCLAIMED.  IN NO EVENT SHALL MICROCHIP BE LIABLE FOR ANY DIRECT, INDIREC
      +                          T,
    41                           ; INCIDENTAL, SPECIAL, EXEMPLARY, OR CONSEQUENTIAL DAMAGES (INCLUDING BUT NOT LIMITED TO
    42                           ; PROCUREMENT OF SUBSTITUTE GOODS OR SERVICES; LOSS OF USE, DATA OR PROFITS; OR BUSINESS
    43                           ; INTERRUPTION) HOWSOEVER CAUSED AND ON ANY THEORY OF LIABILITY, WHETHER IN CONTRACT, ST
      +                          RICT
    44                           ; LIABILITY, OR TORT (INCLUDING NEGLIGENCE OR OTHERWISE) ARISING IN ANY WAY OUT OF THE U
      +                          SE OF
    45                           ; THIS SOFTWARE, EVEN IF ADVISED OF THE POSSIBILITY OF SUCH DAMAGE.
    46                           ; 
    47                           ; 
    48                           ; Code-generator required, PIC16F877A Definitions
    49                           ; 
    50                           ; SFR Addresses
    51     0004                     fsr             equ	4
    52     0004                     fsr0            equ	4
    53     0000                     indf            equ	0
    54     0000                     indf0           equ	0
    55     0002                     pc              equ	2
    56     0002                     pcl             equ	2
    57     000A                     pclath          equ	10
    58     0003                     status          equ	3
    59     0000                     INDF            equ	0	;# 
    60     0001                     TMR0            equ	1	;# 
    61     0002                     PCL             equ	2	;# 
    62     0003                     STATUS          equ	3	;# 
    63     0004                     FSR             equ	4	;# 
    64     0005                     PORTA           equ	5	;# 
    65     0006                     PORTB           equ	6	;# 
    66     0007                     PORTC           equ	7	;# 
    67     0008                     PORTD           equ	8	;# 
    68     0009                     PORTE           equ	9	;# 
    69     000A                     PCLATH          equ	10	;# 
    70     000B                     INTCON          equ	11	;# 
    71     000C                     PIR1            equ	12	;# 
    72     000D                     PIR2            equ	13	;# 
    73     000E                     TMR1            equ	14	;# 
    74     000E                     TMR1L           equ	14	;# 
    75     000F                     TMR1H           equ	15	;# 
    76     0010                     T1CON           equ	16	;# 
    77     0011                     TMR2            equ	17	;# 
    78     0012                     T2CON           equ	18	;# 
    79     0013                     SSPBUF          equ	19	;# 
    80     0014                     SSPCON          equ	20	;# 
    81     0015                     CCPR1           equ	21	;# 
    82     0015                     CCPR1L          equ	21	;# 
    83     0016                     CCPR1H          equ	22	;# 
    84     0017                     CCP1CON         equ	23	;# 
    85     0018                     RCSTA           equ	24	;# 
    86     0019                     TXREG           equ	25	;# 
    87     001A                     RCREG           equ	26	;# 
    88     001B                     CCPR2           equ	27	;# 
    89     001B                     CCPR2L          equ	27	;# 
    90     001C                     CCPR2H          equ	28	;# 
    91     001D                     CCP2CON         equ	29	;# 
    92     001E                     ADRESH          equ	30	;# 
    93     001F                     ADCON0          equ	31	;# 
    94     0081                     OPTION_REG      equ	129	;# 
    95     0085                     TRISA           equ	133	;# 
    96     0086                     TRISB           equ	134	;# 
    97     0087                     TRISC           equ	135	;# 
    98     0088                     TRISD           equ	136	;# 
    99     0089                     TRISE           equ	137	;# 
   100     008C                     PIE1            equ	140	;# 
   101     008D                     PIE2            equ	141	;# 
   102     008E                     PCON            equ	142	;# 
   103     0091                     SSPCON2         equ	145	;# 
   104     0092                     PR2             equ	146	;# 
   105     0093                     SSPADD          equ	147	;# 
   106     0094                     SSPSTAT         equ	148	;# 
   107     0098                     TXSTA           equ	152	;# 
   108     0099                     SPBRG           equ	153	;# 
   109     009C                     CMCON           equ	156	;# 
   110     009D                     CVRCON          equ	157	;# 
   111     009E                     ADRESL          equ	158	;# 
   112     009F                     ADCON1          equ	159	;# 
   113     010C                     EEDATA          equ	268	;# 
   114     010D                     EEADR           equ	269	;# 
   115     010E                     EEDATH          equ	270	;# 
   116     010F                     EEADRH          equ	271	;# 
   117     018C                     EECON1          equ	396	;# 
   118     018D                     EECON2          equ	397	;# 
   119     0000                     INDF            equ	0	;# 
   120     0001                     TMR0            equ	1	;# 
   121     0002                     PCL             equ	2	;# 
   122     0003                     STATUS          equ	3	;# 
   123     0004                     FSR             equ	4	;# 
   124     0005                     PORTA           equ	5	;# 
   125     0006                     PORTB           equ	6	;# 
   126     0007                     PORTC           equ	7	;# 
   127     0008                     PORTD           equ	8	;# 
   128     0009                     PORTE           equ	9	;# 
   129     000A                     PCLATH          equ	10	;# 
   130     000B                     INTCON          equ	11	;# 
   131     000C                     PIR1            equ	12	;# 
   132     000D                     PIR2            equ	13	;# 
   133     000E                     TMR1            equ	14	;# 
   134     000E                     TMR1L           equ	14	;# 
   135     000F                     TMR1H           equ	15	;# 
   136     0010                     T1CON           equ	16	;# 
   137     0011                     TMR2            equ	17	;# 
   138     0012                     T2CON           equ	18	;# 
   139     0013                     SSPBUF          equ	19	;# 
   140     0014                     SSPCON          equ	20	;# 
   141     0015                     CCPR1           equ	21	;# 
   142     0015                     CCPR1L          equ	21	;# 
   143     0016                     CCPR1H          equ	22	;# 
   144     0017                     CCP1CON         equ	23	;# 
   145     0018                     RCSTA           equ	24	;# 
   146     0019                     TXREG           equ	25	;# 
   147     001A                     RCREG           equ	26	;# 
   148     001B                     CCPR2           equ	27	;# 
   149     001B                     CCPR2L          equ	27	;# 
   150     001C                     CCPR2H          equ	28	;# 
   151     001D                     CCP2CON         equ	29	;# 
   152     001E                     ADRESH          equ	30	;# 
   153     001F                     ADCON0          equ	31	;# 
   154     0081                     OPTION_REG      equ	129	;# 
   155     0085                     TRISA           equ	133	;# 
   156     0086                     TRISB           equ	134	;# 
   157     0087                     TRISC           equ	135	;# 
   158     0088                     TRISD           equ	136	;# 
   159     0089                     TRISE           equ	137	;# 
   160     008C                     PIE1            equ	140	;# 
   161     008D                     PIE2            equ	141	;# 
   162     008E                     PCON            equ	142	;# 
   163     0091                     SSPCON2         equ	145	;# 
   164     0092                     PR2             equ	146	;# 
   165     0093                     SSPADD          equ	147	;# 
   166     0094                     SSPSTAT         equ	148	;# 
   167     0098                     TXSTA           equ	152	;# 
   168     0099                     SPBRG           equ	153	;# 
   169     009C                     CMCON           equ	156	;# 
   170     009D                     CVRCON          equ	157	;# 
   171     009E                     ADRESL          equ	158	;# 
   172     009F                     ADCON1          equ	159	;# 
   173     010C                     EEDATA          equ	268	;# 
   174     010D                     EEADR           equ	269	;# 
   175     010E                     EEDATH          equ	270	;# 
   176     010F                     EEADRH          equ	271	;# 
   177     018C                     EECON1          equ	396	;# 
   178     018D                     EECON2          equ	397	;# 
   179     0018                     _RCSTA          set	24
   180     0019                     _TXREG          set	25
   181     001A                     _RCREG          set	26
   182     005F                     _GIE            set	95
   183     005E                     _PEIE           set	94
   184     0064                     _TXIF           set	100
   185     0065                     _RCIF           set	101
   186     0099                     _SPBRG          set	153
   187     0098                     _TXSTA          set	152
   188     0465                     _RCIE           set	1125
   189     043F                     _TRISC7         set	1087
   190     043E                     _TRISC6         set	1086
   191                           
   192                           	psect	strings
   193     0061                     __pstrings:
   194     0061                     stringtab:
   195     0061                     __stringtab:
   196     0061                     stringcode:	
   197                           ;	String table - string pointers are 1 byte each
   198                           
   199     0061                     stringdir:
   200     0061  3000               	movlw	high stringdir
   201     0062  008A               	movwf	10
   202     0063  0804               	movf	4,w
   203     0064  0A84               	incf	4,f
   204     0065  0782               	addwf	2,f
   205     0066                     __stringbase:
   206     0066  3400               	retlw	0
   207     0067                     __end_of__stringtab:
   208     0067                     STR_1:
   209     0067  3448               	retlw	72	;'H'
   210     0068  3465               	retlw	101	;'e'
   211     0069  346C               	retlw	108	;'l'
   212     006A  346C               	retlw	108	;'l'
   213     006B  346F               	retlw	111	;'o'
   214     006C  3400               	retlw	0
   215                           
   216                           	psect	cinit
   217     000F                     start_initialization:	
   218                           ; #config settings
   219                           
   220     000F                     __initialization:
   221                           
   222                           ; Clear objects allocated to COMMON
   223     000F  01F5               	clrf	__pbssCOMMON& (0+127)
   224     0010                     end_of_initialization:	
   225                           ;End of C runtime variable initialization code
   226                           
   227     0010                     __end_of__initialization:
   228     0010  0183               	clrf	3
   229     0011  120A  118A  2814   	ljmp	_main	;jump to C main() function
   230                           
   231                           	psect	bssCOMMON
   232     0075                     __pbssCOMMON:
   233     0075                     _GET:
   234     0075                     	ds	1
   235                           
   236                           	psect	cstackCOMMON
   237     0070                     __pcstackCOMMON:
   238     0070                     ?_TX:
   239     0070                     ?_ISR:	
   240                           ; 1 bytes @ 0x0
   241                           
   242     0070                     ?_main:	
   243                           ; 1 bytes @ 0x0
   244                           
   245     0070                     ?i1_TX:	
   246                           ; 1 bytes @ 0x0
   247                           
   248     0070                     i1TX@a:	
   249                           ; 1 bytes @ 0x0
   250                           
   251     0070                     ??i1_TX:	
   252                           ; 1 bytes @ 0x0
   253                           
   254                           
   255                           ; 1 bytes @ 0x0
   256     0070                     	ds	1
   257     0071                     ??_ISR:
   258                           
   259                           ; 1 bytes @ 0x1
   260     0071                     	ds	2
   261     0073                     TX@a:
   262     0073                     ??_TX:	
   263                           ; 1 bytes @ 0x3
   264                           
   265                           
   266                           ; 1 bytes @ 0x3
   267     0073                     	ds	1
   268     0074                     ?_TX_STRING:
   269     0074                     TX_STRING@s:	
   270                           ; 1 bytes @ 0x4
   271                           
   272                           
   273                           ; 1 bytes @ 0x4
   274     0074                     	ds	1
   275     0075                     ??_TX_STRING:
   276     0075                     ??_main:	
   277                           ; 1 bytes @ 0x5
   278                           
   279                           
   280                           	psect	maintext
   281     0014                     __pmaintext:	
   282                           ; 1 bytes @ 0x5
   283 ;;
   284 ;;Main: autosize = 0, tempsize = 0, incstack = 0, save=0
   285 ;;
   286 ;; *************** function _main *****************
   287 ;; Defined at:
   288 ;;		line 45 in file "INTERUPPT_UART.c"
   289 ;; Parameters:    Size  Location     Type
   290 ;;		None
   291 ;; Auto vars:     Size  Location     Type
   292 ;;		None
   293 ;; Return value:  Size  Location     Type
   294 ;;                  1    wreg      void 
   295 ;; Registers used:
   296 ;;		wreg, fsr0l, fsr0h, status,2, status,0, pclath, cstack
   297 ;; Tracked objects:
   298 ;;		On entry : B00/0
   299 ;;		On exit  : 0/0
   300 ;;		Unchanged: 0/0
   301 ;; Data sizes:     COMMON   BANK0   BANK1   BANK3   BANK2
   302 ;;      Params:         0       0       0       0       0
   303 ;;      Locals:         0       0       0       0       0
   304 ;;      Temps:          0       0       0       0       0
   305 ;;      Totals:         0       0       0       0       0
   306 ;;Total ram usage:        0 bytes
   307 ;; Hardware stack levels required when called: 4
   308 ;; This function calls:
   309 ;;		_TX_STRING
   310 ;; This function is called by:
   311 ;;		Startup code after reset
   312 ;; This function uses a non-reentrant model
   313 ;;
   314                           
   315     0014                     _main:	
   316                           ;psect for function _main
   317                           
   318     0014                     l642:	
   319                           ;incstack = 0
   320                           ; Regs used in _main: [wreg-fsr0h+status,2+status,0+pclath+cstack]
   321                           
   322                           
   323                           ;INTERUPPT_UART.c: 47:     TRISC6 = 0;
   324     0014  1683               	bsf	3,5	;RP0=1, select bank1
   325     0015  1303               	bcf	3,6	;RP1=0, select bank1
   326     0016  1307               	bcf	7,6	;volatile
   327                           
   328                           ;INTERUPPT_UART.c: 48:     TRISC7 = 1;
   329     0017  1787               	bsf	7,7	;volatile
   330                           
   331                           ;INTERUPPT_UART.c: 50:     TXSTA = 0x26;
   332     0018  3026               	movlw	38
   333     0019  0098               	movwf	24	;volatile
   334                           
   335                           ;INTERUPPT_UART.c: 51:     RCSTA = 0x90;
   336     001A  3090               	movlw	144
   337     001B  1283               	bcf	3,5	;RP0=0, select bank0
   338     001C  1303               	bcf	3,6	;RP1=0, select bank0
   339     001D  0098               	movwf	24	;volatile
   340                           
   341                           ;INTERUPPT_UART.c: 52:     SPBRG = 129;
   342     001E  3081               	movlw	129
   343     001F  1683               	bsf	3,5	;RP0=1, select bank1
   344     0020  1303               	bcf	3,6	;RP1=0, select bank1
   345     0021  0099               	movwf	25	;volatile
   346                           
   347                           ;INTERUPPT_UART.c: 54:     RCIE = 1;
   348     0022  168C               	bsf	12,5	;volatile
   349                           
   350                           ;INTERUPPT_UART.c: 55:     PEIE = 1;
   351     0023  170B               	bsf	11,6	;volatile
   352                           
   353                           ;INTERUPPT_UART.c: 56:     GIE = 1;
   354     0024  178B               	bsf	11,7	;volatile
   355     0025                     l644:
   356                           
   357                           ;INTERUPPT_UART.c: 58:     TX_STRING("Hello");
   358     0025  3001               	movlw	(low ((STR_1-__stringbase)| (0+32768)))& (0+255)
   359     0026  00F4               	movwf	TX_STRING@s
   360     0027  120A  118A  2030  120A  118A  	fcall	_TX_STRING
   361     002C                     l51:	
   362                           ;INTERUPPT_UART.c: 60:     while (1);
   363                           
   364     002C                     l52:
   365     002C  282C               	goto	l51
   366     002D  120A  118A  280C   	ljmp	start
   367     0030                     __end_of_main:
   368                           
   369                           	psect	text1
   370     0030                     __ptext1:	
   371 ;; *************** function _TX_STRING *****************
   372 ;; Defined at:
   373 ;;		line 37 in file "INTERUPPT_UART.c"
   374 ;; Parameters:    Size  Location     Type
   375 ;;  s               1    4[COMMON] PTR const unsigned char 
   376 ;;		 -> STR_1(6), 
   377 ;; Auto vars:     Size  Location     Type
   378 ;;		None
   379 ;; Return value:  Size  Location     Type
   380 ;;                  1    wreg      void 
   381 ;; Registers used:
   382 ;;		wreg, fsr0l, fsr0h, status,2, status,0, pclath, cstack
   383 ;; Tracked objects:
   384 ;;		On entry : 0/0
   385 ;;		On exit  : 0/0
   386 ;;		Unchanged: 0/0
   387 ;; Data sizes:     COMMON   BANK0   BANK1   BANK3   BANK2
   388 ;;      Params:         1       0       0       0       0
   389 ;;      Locals:         0       0       0       0       0
   390 ;;      Temps:          0       0       0       0       0
   391 ;;      Totals:         1       0       0       0       0
   392 ;;Total ram usage:        1 bytes
   393 ;; Hardware stack levels used: 1
   394 ;; Hardware stack levels required when called: 3
   395 ;; This function calls:
   396 ;;		_TX
   397 ;; This function is called by:
   398 ;;		_main
   399 ;; This function uses a non-reentrant model
   400 ;;
   401                           
   402     0030                     _TX_STRING:	
   403                           ;psect for function _TX_STRING
   404                           
   405     0030                     l624:	
   406                           ;incstack = 0
   407                           ; Regs used in _TX_STRING: [wreg-fsr0h+status,2+status,0+pclath+cstack]
   408                           
   409                           
   410                           ;INTERUPPT_UART.c: 37: void TX_STRING(const char *s);INTERUPPT_UART.c: 38: {;INTERUPPT_U
      +                          ART.c: 39:     while (*s)
   411     0030  283F               	goto	l630
   412     0031                     l626:
   413                           
   414                           ;INTERUPPT_UART.c: 40:     {;INTERUPPT_UART.c: 41:         TX(*s++);
   415     0031  0874               	movf	TX_STRING@s,w
   416     0032  0084               	movwf	4
   417     0033  120A  118A  2061  120A  118A  	fcall	stringdir
   418     0038  120A  118A  206D  120A  118A  	fcall	_TX
   419     003D                     l628:
   420     003D  3001               	movlw	1
   421     003E  07F4               	addwf	TX_STRING@s,f
   422     003F                     l630:
   423                           
   424                           ;INTERUPPT_UART.c: 39:     while (*s)
   425     003F  0874               	movf	TX_STRING@s,w
   426     0040  0084               	movwf	4
   427     0041  120A  118A  2061  120A  118A  	fcall	stringdir
   428     0046  3A00               	xorlw	0
   429     0047  1D03               	skipz
   430     0048  284A               	goto	u51
   431     0049  284B               	goto	u50
   432     004A                     u51:
   433     004A  2831               	goto	l626
   434     004B                     u50:
   435     004B                     l46:
   436     004B  0008               	return
   437     004C                     __end_of_TX_STRING:
   438                           
   439                           	psect	text2
   440     006D                     __ptext2:	
   441 ;; *************** function _TX *****************
   442 ;; Defined at:
   443 ;;		line 30 in file "INTERUPPT_UART.c"
   444 ;; Parameters:    Size  Location     Type
   445 ;;  a               1    wreg     unsigned char 
   446 ;; Auto vars:     Size  Location     Type
   447 ;;  a               1    3[COMMON] unsigned char 
   448 ;; Return value:  Size  Location     Type
   449 ;;                  1    wreg      void 
   450 ;; Registers used:
   451 ;;		wreg
   452 ;; Tracked objects:
   453 ;;		On entry : 0/0
   454 ;;		On exit  : 0/0
   455 ;;		Unchanged: 0/0
   456 ;; Data sizes:     COMMON   BANK0   BANK1   BANK3   BANK2
   457 ;;      Params:         0       0       0       0       0
   458 ;;      Locals:         1       0       0       0       0
   459 ;;      Temps:          0       0       0       0       0
   460 ;;      Totals:         1       0       0       0       0
   461 ;;Total ram usage:        1 bytes
   462 ;; Hardware stack levels used: 1
   463 ;; Hardware stack levels required when called: 2
   464 ;; This function calls:
   465 ;;		Nothing
   466 ;; This function is called by:
   467 ;;		_TX_STRING
   468 ;; This function uses a non-reentrant model
   469 ;;
   470                           
   471     006D                     _TX:	
   472                           ;psect for function _TX
   473                           
   474                           
   475                           ;incstack = 0
   476                           ; Regs used in _TX: [wreg]
   477                           ;TX@a stored from wreg
   478     006D  00F3               	movwf	TX@a
   479     006E                     l598:
   480     006E                     l37:	
   481                           ;INTERUPPT_UART.c: 30: void TX(char a);INTERUPPT_UART.c: 31: {;INTERUPPT_UART.c: 32:    
      +                           while (TXIF == 0);
   482                           
   483     006E  1283               	bcf	3,5	;RP0=0, select bank0
   484     006F  1303               	bcf	3,6	;RP1=0, select bank0
   485     0070  1E0C               	btfss	12,4	;volatile
   486     0071  2873               	goto	u11
   487     0072  2874               	goto	u10
   488     0073                     u11:
   489     0073  286E               	goto	l37
   490     0074                     u10:
   491     0074                     l600:
   492                           
   493                           ;INTERUPPT_UART.c: 33:     TXREG = a;
   494     0074  0873               	movf	TX@a,w
   495     0075  0099               	movwf	25	;volatile
   496     0076                     l40:
   497     0076  0008               	return
   498     0077                     __end_of_TX:
   499                           
   500                           	psect	text3
   501     004C                     __ptext3:	
   502 ;; *************** function _ISR *****************
   503 ;; Defined at:
   504 ;;		line 20 in file "INTERUPPT_UART.c"
   505 ;; Parameters:    Size  Location     Type
   506 ;;		None
   507 ;; Auto vars:     Size  Location     Type
   508 ;;		None
   509 ;; Return value:  Size  Location     Type
   510 ;;                  1    wreg      void 
   511 ;; Registers used:
   512 ;;		wreg, status,2, status,0, pclath, cstack
   513 ;; Tracked objects:
   514 ;;		On entry : 0/0
   515 ;;		On exit  : 0/0
   516 ;;		Unchanged: 0/0
   517 ;; Data sizes:     COMMON   BANK0   BANK1   BANK3   BANK2
   518 ;;      Params:         0       0       0       0       0
   519 ;;      Locals:         0       0       0       0       0
   520 ;;      Temps:          2       0       0       0       0
   521 ;;      Totals:         2       0       0       0       0
   522 ;;Total ram usage:        2 bytes
   523 ;; Hardware stack levels used: 1
   524 ;; Hardware stack levels required when called: 1
   525 ;; This function calls:
   526 ;;		i1_TX
   527 ;; This function is called by:
   528 ;;		Interrupt level 1
   529 ;; This function uses a non-reentrant model
   530 ;;
   531                           
   532     004C                     _ISR:	
   533                           ;psect for function _ISR
   534                           
   535     004C                     i1l636:
   536                           
   537                           ;INTERUPPT_UART.c: 22:     if (RCIF)
   538     004C  1283               	bcf	3,5	;RP0=0, select bank0
   539     004D  1303               	bcf	3,6	;RP1=0, select bank0
   540     004E  1E8C               	btfss	12,5	;volatile
   541     004F  2851               	goto	u7_21
   542     0050  2852               	goto	u7_20
   543     0051                     u7_21:
   544     0051  285A               	goto	i1l34
   545     0052                     u7_20:
   546     0052                     i1l638:
   547                           
   548                           ;INTERUPPT_UART.c: 23:     {;INTERUPPT_UART.c: 24:         GET = RCREG;
   549     0052  081A               	movf	26,w	;volatile
   550     0053  00F5               	movwf	_GET
   551     0054                     i1l640:
   552                           
   553                           ;INTERUPPT_UART.c: 25:         TX(GET);
   554     0054  0875               	movf	_GET,w
   555     0055  120A  118A  2077  120A  118A  	fcall	i1_TX
   556     005A                     i1l34:
   557     005A  0872               	movf	??_ISR+1,w
   558     005B  008A               	movwf	10
   559     005C  0E71               	swapf	??_ISR,w
   560     005D  0083               	movwf	3
   561     005E  0EFE               	swapf	btemp,f
   562     005F  0E7E               	swapf	btemp,w
   563     0060  0009               	retfie
   564     0061                     __end_of_ISR:
   565                           
   566                           	psect	intentry
   567     0004                     __pintentry:	
   568                           ;incstack = 0
   569                           ; Regs used in _ISR: [wreg+status,2+status,0+pclath+cstack]
   570                           
   571     0004                     interrupt_function:
   572     007E                     saved_w         set	btemp
   573     0004  00FE               	movwf	btemp
   574     0005  0E03               	swapf	3,w
   575     0006  00F1               	movwf	??_ISR
   576     0007  080A               	movf	10,w
   577     0008  00F2               	movwf	??_ISR+1
   578     0009  120A  118A  284C   	ljmp	_ISR
   579                           
   580                           	psect	text4
   581     0077                     __ptext4:	
   582 ;; *************** function i1_TX *****************
   583 ;; Defined at:
   584 ;;		line 30 in file "INTERUPPT_UART.c"
   585 ;; Parameters:    Size  Location     Type
   586 ;;  a               1    wreg     unsigned char 
   587 ;; Auto vars:     Size  Location     Type
   588 ;;  a               1    0[COMMON] unsigned char 
   589 ;; Return value:  Size  Location     Type
   590 ;;                  1    wreg      void 
   591 ;; Registers used:
   592 ;;		wreg
   593 ;; Tracked objects:
   594 ;;		On entry : 0/0
   595 ;;		On exit  : 0/0
   596 ;;		Unchanged: 0/0
   597 ;; Data sizes:     COMMON   BANK0   BANK1   BANK3   BANK2
   598 ;;      Params:         0       0       0       0       0
   599 ;;      Locals:         1       0       0       0       0
   600 ;;      Temps:          0       0       0       0       0
   601 ;;      Totals:         1       0       0       0       0
   602 ;;Total ram usage:        1 bytes
   603 ;; Hardware stack levels used: 1
   604 ;; This function calls:
   605 ;;		Nothing
   606 ;; This function is called by:
   607 ;;		_ISR
   608 ;; This function uses a non-reentrant model
   609 ;;
   610                           
   611     0077                     i1_TX:	
   612                           ;psect for function i1_TX
   613                           
   614                           
   615                           ;incstack = 0
   616                           ; Regs used in i1_TX: [wreg]
   617                           ;i1TX@a stored from wreg
   618     0077  00F0               	movwf	i1TX@a
   619     0078                     i1l632:
   620     0078                     i1l37:	
   621                           ;INTERUPPT_UART.c: 30: void TX(char a);INTERUPPT_UART.c: 31: {;INTERUPPT_UART.c: 32:    
      +                           while (TXIF == 0);
   622                           
   623     0078  1283               	bcf	3,5	;RP0=0, select bank0
   624     0079  1303               	bcf	3,6	;RP1=0, select bank0
   625     007A  1E0C               	btfss	12,4	;volatile
   626     007B  287D               	goto	u6_21
   627     007C  287E               	goto	u6_20
   628     007D                     u6_21:
   629     007D  2878               	goto	i1l37
   630     007E                     u6_20:
   631     007E                     i1l634:
   632                           
   633                           ;INTERUPPT_UART.c: 33:     TXREG = a;
   634     007E  0870               	movf	i1TX@a,w
   635     007F  0099               	movwf	25	;volatile
   636     0080                     i1l40:
   637     0080  0008               	return
   638     0081                     __end_ofi1_TX:
   639     0002                     ___latbits      equ	2
   640     007E                     btemp           set	126	;btemp
   641     007E                     btemp0          set	126
   642     007F                     btemp1          set	127
   643     007E                     wtemp0          set	126
   644     007F                     wtemp0a         set	127
   645     007F                     ttemp0a         set	127
   646     0080                     ltemp0a         set	128
   647                           
   648                           	psect	config
   649                           
   650                           ;Config register CONFIG @ 0x2007
   651                           ;	Oscillator Selection bits
   652                           ;	FOSC = HS, HS oscillator
   653                           ;	Watchdog Timer Enable bit
   654                           ;	WDTE = OFF, WDT disabled
   655                           ;	Power-up Timer Enable bit
   656                           ;	PWRTE = OFF, PWRT disabled
   657                           ;	Brown-out Reset Enable bit
   658                           ;	BOREN = OFF, BOR disabled
   659                           ;	Low-Voltage (Single-Supply) In-Circuit Serial Programming Enable bit
   660                           ;	LVP = OFF, RB3 is digital I/O, HV on MCLR must be used for programming
   661                           ;	Data EEPROM Memory Code Protection bit
   662                           ;	CPD = OFF, Data EEPROM code protection off
   663                           ;	Flash Program Memory Write Enable bits
   664                           ;	WRT = OFF, Write protection off; all program memory may be written to by EECON control
   665                           ;	In-Circuit Debugger Mode bit
   666                           ;	DEBUG = 0x1, unprogrammed default
   667                           ;	Flash Program Memory Code Protection bit
   668                           ;	CP = OFF, Code protection off
   669     2007                     	org	8199
   670     2007  3F3A               	dw	16186

Data Sizes:
    Strings     6
    Constant    0
    Data        0
    BSS         1
    Persistent  0
    Stack       0

Auto Spaces:
    Space          Size  Autos    Used
    COMMON           14      5       6
    BANK0            80      0       0
    BANK1            80      0       0
    BANK3            96      0       0
    BANK2            96      0       0

Pointer List with Targets:

    TX_STRING@s	PTR const unsigned char  size(1) Largest target is 6
		 -> STR_1(CODE[6]), 


Critical Paths under _main in COMMON

    _main->_TX_STRING
    _TX_STRING->_TX

Critical Paths under _ISR in COMMON

    _ISR->i1_TX

Critical Paths under _main in BANK0

    None.

Critical Paths under _ISR in BANK0

    None.

Critical Paths under _main in BANK1

    None.

Critical Paths under _ISR in BANK1

    None.

Critical Paths under _main in BANK3

    None.

Critical Paths under _ISR in BANK3

    None.

Critical Paths under _main in BANK2

    None.

Critical Paths under _ISR in BANK2

    None.

Call Graph Tables:

 ---------------------------------------------------------------------------------
 (Depth) Function   	        Calls       Base Space   Used Autos Params    Refs
 ---------------------------------------------------------------------------------
 (0) _main                                                 0     0      0      61
                          _TX_STRING
 ---------------------------------------------------------------------------------
 (1) _TX_STRING                                            1     0      1      61
                                              4 COMMON     1     0      1
                                 _TX
 ---------------------------------------------------------------------------------
 (2) _TX                                                   1     1      0      15
                                              3 COMMON     1     1      0
 ---------------------------------------------------------------------------------
 Estimated maximum stack depth 2
 ---------------------------------------------------------------------------------
 (Depth) Function   	        Calls       Base Space   Used Autos Params    Refs
 ---------------------------------------------------------------------------------
 (3) _ISR                                                  2     2      0      29
                                              1 COMMON     2     2      0
                               i1_TX
 ---------------------------------------------------------------------------------
 (4) i1_TX                                                 1     1      0      29
                                              0 COMMON     1     1      0
 ---------------------------------------------------------------------------------
 Estimated maximum stack depth 4
 ---------------------------------------------------------------------------------

 Call Graph Graphs:

 _main (ROOT)
   _TX_STRING
     _TX

 _ISR (ROOT)
   i1_TX

Address spaces:
Name               Size   Autos  Total    Usage
BITCOMMON           14      0       0      0.0%
BITBANK0            80      0       0      0.0%
BITBANK1            80      0       0      0.0%
BITBANK3            96      0       0      0.0%
BITBANK2            96      0       0      0.0%
COMMON              14      5       6     42.9%
BANK0               80      0       0      0.0%
BANK1               80      0       0      0.0%
BANK3               96      0       0      0.0%
BANK2               96      0       0      0.0%
STACK                0      0       0      0.0%
DATA                 0      0       6      0.0%


Microchip Technology PIC Macro Assembler V3.10 build 20250813170317 
Symbol Table                                                                                   Fri Jan  2 13:58:24 2026

                      pc 0002                       l40 0076                       l51 002C  
                     l52 002C                       l37 006E                       l46 004B  
                     u10 0074                       u11 0073                       u50 004B  
                     u51 004A                       _TX 006D                       fsr 0004  
                    ?_TX 0070                      l600 0074                      l630 003F  
                    l624 0030                      l626 0031                      l642 0014  
                    l628 003D                      l644 0025                      l598 006E  
                    TX@a 0073                      _GIE 005F                      _GET 0075  
                    _ISR 004C                      fsr0 0004                     ??_TX 0073  
                   ?_ISR 0070                     STR_1 0067                     _PEIE 005E  
                   i1l40 0080                     i1l34 005A                     _RCIE 0465  
                   _RCIF 0065                     i1l37 0078                     i1_TX 0077  
                   _TXIF 0064                     u6_20 007E                     u6_21 007D  
                   u7_20 0052                     u7_21 0051                     _main 0014  
                   btemp 007E                     start 000C                    ??_ISR 0071  
                  ?i1_TX 0070                    ?_main 0070                    i1l632 0078  
                  i1l640 0054                    i1l634 007E                    i1l636 004C  
                  i1l638 0052                    i1TX@a 0070                    _RCREG 001A  
                  _RCSTA 0018                    _SPBRG 0099                    _TXREG 0019  
                  _TXSTA 0098                    btemp0 007E                    btemp1 007F  
                  pclath 000A                    status 0003                    wtemp0 007E  
           __end_ofi1_TX 0081          __initialization 000F             __end_of_main 0030  
                 ??i1_TX 0070                   ??_main 0075                   _TRISC6 043E  
                 _TRISC7 043F                   ltemp0a 0080                   saved_w 007E  
                 ttemp0a 007F                   wtemp0a 007F  __end_of__initialization 0010  
      __end_of_TX_STRING 004C           __pcstackCOMMON 0070               __end_of_TX 0077  
             __pmaintext 0014               __pintentry 0004               __stringtab 0061  
                __ptext1 0030                  __ptext2 006D                  __ptext3 004C  
                __ptext4 0077     end_of_initialization 0010                _TX_STRING 0030  
    start_initialization 000F              __end_of_ISR 0061               ?_TX_STRING 0074  
            __pbssCOMMON 0075                ___latbits 0002                __pstrings 0061  
      interrupt_function 0004              ??_TX_STRING 0075              __stringbase 0066  
     __end_of__stringtab 0067                 intlevel1 0000               TX_STRING@s 0074  
              stringcode 0061                 stringdir 0061                 stringtab 0061  
